#
# There is insufficient memory for the Java Runtime Environment to continue.
# Native memory allocation (malloc) failed to allocate 2995536 bytes for Chunk::new
# Possible reasons:
#   The system is out of physical RAM or swap space
#   The process is running with CompressedOops enabled, and the Java Heap may be blocking the growth of the native heap
# Possible solutions:
#   Reduce memory load on the system
#   Increase physical memory or swap space
#   Check if swap backing store is full
#   Decrease Java heap size (-Xmx/-Xms)
#   Decrease number of Java threads
#   Decrease Java thread stack sizes (-Xss)
#   Set larger code cache with -XX:ReservedCodeCacheSize=
#   JVM is running with Zero Based Compressed Oops mode in which the Java heap is
#     placed in the first 32GB address space. The Java Heap base address is the
#     maximum limit for the native heap growth. Please use -XX:HeapBaseMinAddress
#     to set the Java Heap base and to place the Java Heap above 32GB virtual address.
# This output file may be truncated or incomplete.
#
#  Out of Memory Error (./open/src/hotspot/share/memory/arena.cpp:195), pid=30836, tid=26792
#
# JRE version: OpenJDK Runtime Environment (15.0.1+9) (build 15.0.1+9-18)
# Java VM: OpenJDK 64-Bit Server VM (15.0.1+9-18, mixed mode, tiered, compressed oops, g1 gc, windows-amd64)
# No core dump will be written. Minidumps are not enabled by default on client versions of Windows
#

---------------  S U M M A R Y ------------

Command Line: -XX:+ShowCodeDetailsInExceptionMessages -agentlib:jdwp=transport=dt_socket,suspend=y,address=localhost:61746 -javaagent:D:\eclipse\eclipse\configuration\org.eclipse.osgi\215\0\.cp\lib\javaagent-shaded.jar -Dfile.encoding=UTF-8 com.pms.pmsapp.PmsappApplication

Host: Intel(R) Core(TM) i7-8550U CPU @ 1.80GHz, 8 cores, 15G,  Windows 10 , 64 bit Build 17763 (10.0.17763.475)
Time: Sat Jan 16 09:28:52 2021 Malay Peninsula Standard Time elapsed time: 8.728362 seconds (0d 0h 0m 8s)

---------------  T H R E A D  ---------------

Current thread (0x00000139c301fa10):  JavaThread "C2 CompilerThread1" daemon [_thread_in_native, id=26792, stack(0x0000000453c00000,0x0000000453d00000)]


Current CompileTask:
C2:   8728 4463   !   4       org.springframework.core.annotation.AnnotationsScanner::processMethodHierarchy (276 bytes)

Stack: [0x0000000453c00000,0x0000000453d00000]
Native frames: (J=compiled Java code, j=interpreted, Vv=VM code, C=native code)
V  [jvm.dll+0x62ae9a]
V  [jvm.dll+0x781389]
V  [jvm.dll+0x782ae3]
V  [jvm.dll+0x783143]
V  [jvm.dll+0x216265]
V  [jvm.dll+0x97efa]
V  [jvm.dll+0x985dc]
V  [jvm.dll+0x32e4c8]
V  [jvm.dll+0x2f78aa]
V  [jvm.dll+0x2f6c6a]
V  [jvm.dll+0x1ea645]
V  [jvm.dll+0x1e98ae]
V  [jvm.dll+0x1784c7]
V  [jvm.dll+0x1f9165]
V  [jvm.dll+0x1f720c]
V  [jvm.dll+0x74485d]
V  [jvm.dll+0x73d65a]
V  [jvm.dll+0x629c56]
C  [ucrtbase.dll+0x2268a]
C  [KERNEL32.DLL+0x17974]
C  [ntdll.dll+0x5a0b1]


---------------  P R O C E S S  ---------------

Threads class SMR info:
_java_thread_list=0x00000139c39d71c0, length=43, elements={
0x00000139a2d7b000, 0x00000139c2532020, 0x00000139c253ea40, 0x00000139c2542d90,
0x00000139c2543740, 0x00000139c25692c0, 0x00000139c2573940, 0x00000139c2574240,
0x00000139c257ec30, 0x00000139c2724b30, 0x00000139c2904d00, 0x00000139c27eda40,
0x00000139c27edf30, 0x00000139c2722e50, 0x00000139c301fa10, 0x00000139c3984750,
0x00000139c3bc5160, 0x00000139c3bc7310, 0x00000139c3bc77e0, 0x00000139c3bc64a0,
0x00000139c3bc42f0, 0x00000139c3bc0460, 0x00000139c3bc6970, 0x00000139c3bc0930,
0x00000139c3bc5b00, 0x00000139c3bc2ae0, 0x00000139c3bc2610, 0x00000139c3bc2fb0,
0x00000139c3bc12d0, 0x00000139c3bc17a0, 0x00000139c3bc3480, 0x00000139c3bc47c0,
0x00000139c3bc4c90, 0x00000139c3bc3950, 0x00000139c3bc3e20, 0x00000139c3bc5630,
0x00000139c64d7830, 0x00000139c64d2660, 0x00000139c64d3e70, 0x00000139c64d2190,
0x00000139c64d8b70, 0x00000139c64d7360, 0x00000139c64d81d0
}

Java Threads: ( => current thread )
  0x00000139a2d7b000 JavaThread "main" [_thread_in_vm, id=12736, stack(0x0000000452700000,0x0000000452800000)]
  0x00000139c2532020 JavaThread "Reference Handler" daemon [_thread_blocked, id=16100, stack(0x0000000452e00000,0x0000000452f00000)]
  0x00000139c253ea40 JavaThread "Finalizer" daemon [_thread_blocked, id=21304, stack(0x0000000452f00000,0x0000000453000000)]
  0x00000139c2542d90 JavaThread "Signal Dispatcher" daemon [_thread_blocked, id=13996, stack(0x0000000453000000,0x0000000453100000)]
  0x00000139c2543740 JavaThread "Attach Listener" daemon [_thread_blocked, id=22720, stack(0x0000000453100000,0x0000000453200000)]
  0x00000139c25692c0 JavaThread "Service Thread" daemon [_thread_blocked, id=23324, stack(0x0000000453200000,0x0000000453300000)]
  0x00000139c2573940 JavaThread "C2 CompilerThread0" daemon [_thread_in_native, id=30204, stack(0x0000000453300000,0x0000000453400000)]
  0x00000139c2574240 JavaThread "C1 CompilerThread0" daemon [_thread_blocked, id=24024, stack(0x0000000453400000,0x0000000453500000)]
  0x00000139c257ec30 JavaThread "Sweeper thread" daemon [_thread_blocked, id=25100, stack(0x0000000453500000,0x0000000453600000)]
  0x00000139c2724b30 JavaThread "Common-Cleaner" daemon [_thread_blocked, id=16792, stack(0x0000000453600000,0x0000000453700000)]
  0x00000139c2904d00 JavaThread "JDWP Transport Listener: dt_socket" daemon [_thread_blocked, id=1016, stack(0x0000000453700000,0x0000000453800000)]
  0x00000139c27eda40 JavaThread "JDWP Event Helper Thread" daemon [_thread_blocked, id=30432, stack(0x0000000453800000,0x0000000453900000)]
  0x00000139c27edf30 JavaThread "JDWP Command Reader" daemon [_thread_in_native, id=31076, stack(0x0000000453900000,0x0000000453a00000)]
  0x00000139c2722e50 JavaThread "Notification Thread" daemon [_thread_blocked, id=10284, stack(0x0000000453a00000,0x0000000453b00000)]
=>0x00000139c301fa10 JavaThread "C2 CompilerThread1" daemon [_thread_in_native, id=26792, stack(0x0000000453c00000,0x0000000453d00000)]
  0x00000139c3984750 JavaThread "C2 CompilerThread2" daemon [_thread_in_native, id=30308, stack(0x0000000454200000,0x0000000454300000)]
  0x00000139c3bc5160 JavaThread "Catalina-utility-1" [_thread_blocked, id=30492, stack(0x0000000454300000,0x0000000454400000)]
  0x00000139c3bc7310 JavaThread "Catalina-utility-2" [_thread_blocked, id=27496, stack(0x0000000454500000,0x0000000454600000)]
  0x00000139c3bc77e0 JavaThread "container-0" [_thread_blocked, id=22308, stack(0x0000000454600000,0x0000000454700000)]
  0x00000139c3bc64a0 JavaThread "schedulerFactoryBean_Worker-1" [_thread_blocked, id=9236, stack(0x0000000454900000,0x0000000454a00000)]
  0x00000139c3bc42f0 JavaThread "schedulerFactoryBean_Worker-2" [_thread_blocked, id=22036, stack(0x0000000454a00000,0x0000000454b00000)]
  0x00000139c3bc0460 JavaThread "schedulerFactoryBean_Worker-3" [_thread_blocked, id=3004, stack(0x0000000454b00000,0x0000000454c00000)]
  0x00000139c3bc6970 JavaThread "schedulerFactoryBean_Worker-4" [_thread_blocked, id=1572, stack(0x0000000454c00000,0x0000000454d00000)]
  0x00000139c3bc0930 JavaThread "schedulerFactoryBean_Worker-5" [_thread_blocked, id=16732, stack(0x0000000454d00000,0x0000000454e00000)]
  0x00000139c3bc5b00 JavaThread "schedulerFactoryBean_Worker-6" [_thread_blocked, id=23428, stack(0x0000000454e00000,0x0000000454f00000)]
  0x00000139c3bc2ae0 JavaThread "schedulerFactoryBean_Worker-7" [_thread_blocked, id=21292, stack(0x0000000454f00000,0x0000000455000000)]
  0x00000139c3bc2610 JavaThread "schedulerFactoryBean_Worker-8" [_thread_blocked, id=30728, stack(0x0000000455000000,0x0000000455100000)]
  0x00000139c3bc2fb0 JavaThread "schedulerFactoryBean_Worker-9" [_thread_blocked, id=28928, stack(0x0000000455100000,0x0000000455200000)]
  0x00000139c3bc12d0 JavaThread "schedulerFactoryBean_Worker-10" [_thread_blocked, id=26528, stack(0x0000000455200000,0x0000000455300000)]
  0x00000139c3bc17a0 JavaThread "schedulerFactoryBean_QuartzSchedulerThread" [_thread_blocked, id=22432, stack(0x0000000455300000,0x0000000455400000)]
  0x00000139c3bc3480 JavaThread "http-nio-8080-BlockPoller" daemon [_thread_in_native, id=31176, stack(0x0000000455400000,0x0000000455500000)]
  0x00000139c3bc47c0 JavaThread "http-nio-8080-exec-1" daemon [_thread_blocked, id=26372, stack(0x0000000455500000,0x0000000455600000)]
  0x00000139c3bc4c90 JavaThread "http-nio-8080-exec-2" daemon [_thread_blocked, id=29536, stack(0x0000000455600000,0x0000000455700000)]
  0x00000139c3bc3950 JavaThread "http-nio-8080-exec-3" daemon [_thread_blocked, id=26192, stack(0x0000000455700000,0x0000000455800000)]
  0x00000139c3bc3e20 JavaThread "http-nio-8080-exec-4" daemon [_thread_blocked, id=20812, stack(0x0000000455800000,0x0000000455900000)]
  0x00000139c3bc5630 JavaThread "http-nio-8080-exec-5" daemon [_thread_blocked, id=27396, stack(0x0000000455900000,0x0000000455a00000)]
  0x00000139c64d7830 JavaThread "http-nio-8080-exec-6" daemon [_thread_blocked, id=14096, stack(0x0000000455a00000,0x0000000455b00000)]
  0x00000139c64d2660 JavaThread "http-nio-8080-exec-7" daemon [_thread_blocked, id=6712, stack(0x0000000455b00000,0x0000000455c00000)]
  0x00000139c64d3e70 JavaThread "http-nio-8080-exec-8" daemon [_thread_blocked, id=4320, stack(0x0000000455c00000,0x0000000455d00000)]
  0x00000139c64d2190 JavaThread "http-nio-8080-exec-9" daemon [_thread_blocked, id=26808, stack(0x0000000455d00000,0x0000000455e00000)]
  0x00000139c64d8b70 JavaThread "http-nio-8080-exec-10" daemon [_thread_blocked, id=1080, stack(0x0000000455e00000,0x0000000455f00000)]
  0x00000139c64d7360 JavaThread "http-nio-8080-ClientPoller" daemon [_thread_in_native, id=24856, stack(0x0000000455f00000,0x0000000456000000)]
  0x00000139c64d81d0 JavaThread "http-nio-8080-Acceptor" daemon [_thread_in_native, id=20784, stack(0x0000000456000000,0x0000000456100000)]

Other Threads:
  0x00000139c2497cf0 VMThread "VM Thread" [stack: 0x0000000452d00000,0x0000000452e00000] [id=31532]
  0x00000139c2a43a10 WatcherThread [stack: 0x0000000453b00000,0x0000000453c00000] [id=31540]
  0x00000139a2dab2f0 GCTaskThread "GC Thread#0" [stack: 0x0000000452800000,0x0000000452900000] [id=17944]
  0x00000139c27a7350 GCTaskThread "GC Thread#1" [stack: 0x0000000453d00000,0x0000000453e00000] [id=21116]
  0x00000139c27a8010 GCTaskThread "GC Thread#2" [stack: 0x0000000453e00000,0x0000000453f00000] [id=12948]
  0x00000139c27a8340 GCTaskThread "GC Thread#3" [stack: 0x0000000453f00000,0x0000000454000000] [id=27832]
  0x00000139c27a8670 GCTaskThread "GC Thread#4" [stack: 0x0000000454000000,0x0000000454100000] [id=31400]
  0x00000139c27a7680 GCTaskThread "GC Thread#5" [stack: 0x0000000454100000,0x0000000454200000] [id=11360]
  0x00000139cb1c2a40 GCTaskThread "GC Thread#6" [stack: 0x0000000454700000,0x0000000454800000] [id=31456]
  0x00000139cb1c3a30 GCTaskThread "GC Thread#7" [stack: 0x0000000454800000,0x0000000454900000] [id=17928]
  0x00000139a2dbe230 ConcurrentGCThread "G1 Main Marker" [stack: 0x0000000452900000,0x0000000452a00000] [id=26116]
  0x00000139b5a50f40 ConcurrentGCThread "G1 Conc#0" [stack: 0x0000000452a00000,0x0000000452b00000] [id=29804]
  0x00000139c27a8cd0 ConcurrentGCThread "G1 Conc#1" [stack: 0x0000000454400000,0x0000000454500000] [id=17036]
  0x00000139b5b338b0 ConcurrentGCThread "G1 Refine#0" [stack: 0x0000000452b00000,0x0000000452c00000] [id=15100]
  0x00000139b5b36100 ConcurrentGCThread "G1 Young RemSet Sampling" [stack: 0x0000000452c00000,0x0000000452d00000] [id=20808]

Threads with active compile tasks:
C2 CompilerThread0     8837 4369   !   4       org.springframework.core.annotation.AnnotationsScanner::processClassHierarchy (227 bytes)
C2 CompilerThread1     8837 4463   !   4       org.springframework.core.annotation.AnnotationsScanner::processMethodHierarchy (276 bytes)
C2 CompilerThread2     8837 4404       4       java.lang.Class::getDeclaredAnnotations (11 bytes)

VM state: not at safepoint (normal execution)

VM Mutex/Monitor currently owned by a thread: None

Heap address: 0x0000000701a00000, size: 4070 MB, Compressed Oops mode: Zero based, Oop shift amount: 3
CDS disabled.
Compressed class space mapped at: 0x0000000800000000-0x0000000840000000, size: 1073741824
Narrow klass base: 0x0000000800000000, Narrow klass shift: 0, Narrow klass range: 0x40000000

GC Precious Log:
 CPUs: 8 total, 8 available
 Memory: 16275M
 Large Page Support: Disabled
 NUMA Support: Disabled
 Compressed Oops: Enabled (Zero based)
 Heap Region Size: 2M
 Heap Min Capacity: 8M
 Heap Initial Capacity: 256M
 Heap Max Capacity: 4070M
 Pre-touch: Disabled
 Parallel Workers: 8
 Concurrent Workers: 2
 Concurrent Refinement Workers: 8
 Periodic GC: Disabled

Heap:
 garbage-first heap   total 92160K, used 42599K [0x0000000701a00000, 0x0000000800000000)
  region size 2048K, 14 young (28672K), 3 survivors (6144K)
 Metaspace       used 44704K, capacity 45182K, committed 45308K, reserved 1089536K
  class space    used 4964K, capacity 5115K, committed 5196K, reserved 1048576K

Heap Regions: E=young(eden), S=young(survivor), O=old, HS=humongous(starts), HC=humongous(continues), CS=collection set, F=free, OA=open archive, CA=closed archive, TAMS=top-at-mark-start (previous, next)
|   0|0x0000000701a00000, 0x0000000701c00000, 0x0000000701c00000|100%| O|  |TAMS 0x0000000701c00000, 0x0000000701a00000| Untracked 
|   1|0x0000000701c00000, 0x0000000701e00000, 0x0000000701e00000|100%| O|  |TAMS 0x0000000701e00000, 0x0000000701c00000| Untracked 
|   2|0x0000000701e00000, 0x0000000702000000, 0x0000000702000000|100%| O|  |TAMS 0x0000000702000000, 0x0000000701e00000| Untracked 
|   3|0x0000000702000000, 0x0000000702200000, 0x0000000702200000|100%| O|  |TAMS 0x0000000702200000, 0x0000000702000000| Untracked 
|   4|0x0000000702200000, 0x000000070237c400, 0x0000000702400000| 74%| O|  |TAMS 0x000000070237c400, 0x0000000702200000| Untracked 
|   5|0x0000000702400000, 0x0000000702600000, 0x0000000702600000|100%| O|  |TAMS 0x0000000702600000, 0x0000000702400000| Untracked 
|   6|0x0000000702600000, 0x00000007027d9600, 0x0000000702800000| 92%| O|  |TAMS 0x00000007027d9600, 0x0000000702600000| Untracked 
|   7|0x0000000702800000, 0x0000000702a00000, 0x0000000702a00000|100%| O|  |TAMS 0x0000000702800000, 0x0000000702800000| Untracked 
|   8|0x0000000702a00000, 0x0000000702ada800, 0x0000000702c00000| 42%| O|  |TAMS 0x0000000702a00000, 0x0000000702a00000| Untracked 
|   9|0x0000000702c00000, 0x0000000702c00000, 0x0000000702e00000|  0%| F|  |TAMS 0x0000000702c00000, 0x0000000702c00000| Untracked 
|  10|0x0000000702e00000, 0x0000000702e00000, 0x0000000703000000|  0%| F|  |TAMS 0x0000000702e00000, 0x0000000702e00000| Untracked 
|  11|0x0000000703000000, 0x0000000703000000, 0x0000000703200000|  0%| F|  |TAMS 0x0000000703000000, 0x0000000703000000| Untracked 
|  12|0x0000000703200000, 0x0000000703200000, 0x0000000703400000|  0%| F|  |TAMS 0x0000000703200000, 0x0000000703200000| Untracked 
|  13|0x0000000703400000, 0x0000000703400000, 0x0000000703600000|  0%| F|  |TAMS 0x0000000703400000, 0x0000000703400000| Untracked 
|  14|0x0000000703600000, 0x0000000703600000, 0x0000000703800000|  0%| F|  |TAMS 0x0000000703600000, 0x0000000703600000| Untracked 
|  15|0x0000000703800000, 0x0000000703800000, 0x0000000703a00000|  0%| F|  |TAMS 0x0000000703800000, 0x0000000703800000| Untracked 
|  16|0x0000000703a00000, 0x0000000703a00000, 0x0000000703c00000|  0%| F|  |TAMS 0x0000000703a00000, 0x0000000703a00000| Untracked 
|  17|0x0000000703c00000, 0x0000000703d69c00, 0x0000000703e00000| 70%| S|CS|TAMS 0x0000000703c00000, 0x0000000703c00000| Complete 
|  18|0x0000000703e00000, 0x0000000704000000, 0x0000000704000000|100%| S|CS|TAMS 0x0000000703e00000, 0x0000000703e00000| Complete 
|  19|0x0000000704000000, 0x0000000704200000, 0x0000000704200000|100%| S|CS|TAMS 0x0000000704000000, 0x0000000704000000| Complete 
|  20|0x0000000704200000, 0x0000000704200000, 0x0000000704400000|  0%| F|  |TAMS 0x0000000704200000, 0x0000000704200000| Untracked 
|  21|0x0000000704400000, 0x0000000704400000, 0x0000000704600000|  0%| F|  |TAMS 0x0000000704400000, 0x0000000704400000| Untracked 
|  22|0x0000000704600000, 0x0000000704600000, 0x0000000704800000|  0%| F|  |TAMS 0x0000000704600000, 0x0000000704600000| Untracked 
|  23|0x0000000704800000, 0x0000000704800000, 0x0000000704a00000|  0%| F|  |TAMS 0x0000000704800000, 0x0000000704800000| Untracked 
|  24|0x0000000704a00000, 0x0000000704a00000, 0x0000000704c00000|  0%| F|  |TAMS 0x0000000704a00000, 0x0000000704a00000| Untracked 
|  25|0x0000000704c00000, 0x0000000704c00000, 0x0000000704e00000|  0%| F|  |TAMS 0x0000000704c00000, 0x0000000704c00000| Untracked 
|  26|0x0000000704e00000, 0x0000000704e00000, 0x0000000705000000|  0%| F|  |TAMS 0x0000000704e00000, 0x0000000704e00000| Untracked 
|  27|0x0000000705000000, 0x0000000705000000, 0x0000000705200000|  0%| F|  |TAMS 0x0000000705000000, 0x0000000705000000| Untracked 
|  28|0x0000000705200000, 0x0000000705200000, 0x0000000705400000|  0%| F|  |TAMS 0x0000000705200000, 0x0000000705200000| Untracked 
|  29|0x0000000705400000, 0x0000000705400000, 0x0000000705600000|  0%| F|  |TAMS 0x0000000705400000, 0x0000000705400000| Untracked 
|  30|0x0000000705600000, 0x0000000705600000, 0x0000000705800000|  0%| F|  |TAMS 0x0000000705600000, 0x0000000705600000| Untracked 
|  31|0x0000000705800000, 0x0000000705800000, 0x0000000705a00000|  0%| F|  |TAMS 0x0000000705800000, 0x0000000705800000| Untracked 
|  32|0x0000000705a00000, 0x0000000705a00000, 0x0000000705c00000|  0%| F|  |TAMS 0x0000000705a00000, 0x0000000705a00000| Untracked 
|  33|0x0000000705c00000, 0x0000000705c00000, 0x0000000705e00000|  0%| F|  |TAMS 0x0000000705c00000, 0x0000000705c00000| Untracked 
|  34|0x0000000705e00000, 0x0000000705feeb80, 0x0000000706000000| 96%| E|  |TAMS 0x0000000705e00000, 0x0000000705e00000| Complete 
|  35|0x0000000706000000, 0x0000000706200000, 0x0000000706200000|100%| E|CS|TAMS 0x0000000706000000, 0x0000000706000000| Complete 
|  36|0x0000000706200000, 0x0000000706400000, 0x0000000706400000|100%| E|CS|TAMS 0x0000000706200000, 0x0000000706200000| Complete 
|  37|0x0000000706400000, 0x0000000706600000, 0x0000000706600000|100%| E|CS|TAMS 0x0000000706400000, 0x0000000706400000| Complete 
|  38|0x0000000706600000, 0x0000000706800000, 0x0000000706800000|100%| E|CS|TAMS 0x0000000706600000, 0x0000000706600000| Complete 
|  39|0x0000000706800000, 0x0000000706a00000, 0x0000000706a00000|100%| E|CS|TAMS 0x0000000706800000, 0x0000000706800000| Complete 
|  40|0x0000000706a00000, 0x0000000706c00000, 0x0000000706c00000|100%| E|CS|TAMS 0x0000000706a00000, 0x0000000706a00000| Complete 
|  65|0x0000000709c00000, 0x0000000709e00000, 0x0000000709e00000|100%| E|CS|TAMS 0x0000000709c00000, 0x0000000709c00000| Complete 
|  66|0x0000000709e00000, 0x000000070a000000, 0x000000070a000000|100%| E|CS|TAMS 0x0000000709e00000, 0x0000000709e00000| Complete 
|  67|0x000000070a000000, 0x000000070a200000, 0x000000070a200000|100%| E|CS|TAMS 0x000000070a000000, 0x000000070a000000| Complete 
| 127|0x0000000711800000, 0x0000000711a00000, 0x0000000711a00000|100%| E|CS|TAMS 0x0000000711800000, 0x0000000711800000| Complete 

Card table byte_map: [0x00000139b6430000,0x00000139b6c30000] _byte_map_base: 0x00000139b2c23000

Marking Bits (Prev, Next): (CMBitMap*) 0x00000139a2dacaf0, (CMBitMap*) 0x00000139a2dacb30
 Prev Bits: [0x00000139b7430000, 0x00000139bb3c8000)
 Next Bits: [0x00000139bb3d0000, 0x00000139bf368000)

Polling page: 0x00000139a08e0000

Metaspace:

Usage:
  Non-class:     39.13 MB capacity,    38.81 MB (>99%) used,   266.42 KB ( <1%) free+waste,    61.25 KB ( <1%) overhead. 
      Class:      5.00 MB capacity,     4.85 MB ( 97%) used,   128.40 KB (  3%) free+waste,    21.81 KB ( <1%) overhead. 
       Both:     44.12 MB capacity,    43.66 MB ( 99%) used,   394.82 KB ( <1%) free+waste,    83.06 KB ( <1%) overhead. 

Virtual space:
  Non-class space:       40.00 MB reserved,      39.17 MB ( 98%) committed 
      Class space:        1.00 GB reserved,       5.07 MB ( <1%) committed 
             Both:        1.04 GB reserved,      44.25 MB (  4%) committed 

Chunk freelists:
   Non-Class:  45.00 KB
       Class:  5.00 KB
        Both:  50.00 KB

MaxMetaspaceSize: 17179869184.00 GB
CompressedClassSpaceSize: 1.00 GB

CodeHeap 'non-profiled nmethods': size=120000Kb used=2753Kb max_used=3118Kb free=117246Kb
 bounds [0x00000139ae1d0000, 0x00000139ae510000, 0x00000139b5700000]
CodeHeap 'profiled nmethods': size=120000Kb used=8284Kb max_used=9544Kb free=111715Kb
 bounds [0x00000139a6ca0000, 0x00000139a7600000, 0x00000139ae1d0000]
CodeHeap 'non-nmethods': size=5760Kb used=1304Kb max_used=1466Kb free=4455Kb
 bounds [0x00000139a6700000, 0x00000139a6970000, 0x00000139a6ca0000]
 total_blobs=4405 nmethods=3923 adapters=394
 compilation: enabled
              stopped_count=0, restarted_count=0
 full_count=0

Compilation events (20 events):
Event: 8.600 Thread 0x00000139c2574240 4589       2       java.lang.StringBuilder::append (8 bytes)
Event: 8.601 Thread 0x00000139c2574240 nmethod 4589 0x00000139a6ddb010 code [0x00000139a6ddb1a0, 0x00000139a6ddb2c8]
Event: 8.601 Thread 0x00000139c2574240 4590       2       java.lang.AbstractStringBuilder::append (54 bytes)
Event: 8.601 Thread 0x00000139c2574240 nmethod 4590 0x00000139a6dda990 code [0x00000139a6ddab80, 0x00000139a6ddaea8]
Event: 8.610 Thread 0x00000139c2574240 4591       2       java.util.ArrayList::hashCode (22 bytes)
Event: 8.610 Thread 0x00000139c2574240 nmethod 4591 0x00000139a72c8590 code [0x00000139a72c8740, 0x00000139a72c8958]
Event: 8.610 Thread 0x00000139c2574240 4592       2       java.util.ArrayList::hashCodeRange (68 bytes)
Event: 8.611 Thread 0x00000139c2574240 nmethod 4592 0x00000139a72c7f10 code [0x00000139a72c80e0, 0x00000139a72c83d8]
Event: 8.611 Thread 0x00000139c2574240 4593       2       java.util.ArrayList::checkForComodification (17 bytes)
Event: 8.611 Thread 0x00000139c2574240 nmethod 4593 0x00000139a6dda510 code [0x00000139a6dda6c0, 0x00000139a6dda888]
Event: 8.613 Thread 0x00000139c2574240 4594       2       java.io.InputStream::readNBytes (53 bytes)
Event: 8.613 Thread 0x00000139c2574240 nmethod 4594 0x00000139a72c7910 code [0x00000139a72c7ac0, 0x00000139a72c7d38]
Event: 8.613 Thread 0x00000139c2574240 4595       2       java.lang.Class::getConstructor (31 bytes)
Event: 8.614 Thread 0x00000139c2574240 nmethod 4595 0x00000139a6cd4e90 code [0x00000139a6cd5080, 0x00000139a6cd5418]
Event: 8.654 Thread 0x00000139c2574240 4596       3       org.eclipse.jdt.launching.internal.org.objectweb.asm.ClassWriter::toByteArray (1535 bytes)
Event: 8.664 Thread 0x00000139c2574240 nmethod 4596 0x00000139a720c310 code [0x00000139a720cbe0, 0x00000139a7210b78]
Event: 8.676 Thread 0x00000139c2574240 4597       2       jdk.internal.loader.ClassLoaders::bootLoader (4 bytes)
Event: 8.676 Thread 0x00000139c2574240 nmethod 4597 0x00000139a6f52a90 code [0x00000139a6f52c20, 0x00000139a6f52cf8]
Event: 8.708 Thread 0x00000139c2574240 4598       1       java.util.Collections$EmptyEnumeration::hasMoreElements (2 bytes)
Event: 8.708 Thread 0x00000139c2574240 nmethod 4598 0x00000139ae1f5590 code [0x00000139ae1f5720, 0x00000139ae1f57d8]

GC Heap History (20 events):
Event: 3.573 GC heap before
{Heap before GC invocations=6 (full 0):
 garbage-first heap   total 55296K, used 35515K [0x0000000701a00000, 0x0000000800000000)
  region size 2048K, 13 young (26624K), 2 survivors (4096K)
 Metaspace       used 25949K, capacity 26188K, committed 26288K, reserved 1073152K
  class space    used 2713K, capacity 2788K, committed 2816K, reserved 1048576K
}
Event: 3.578 GC heap after
{Heap after GC invocations=7 (full 0):
 garbage-first heap   total 55296K, used 13243K [0x0000000701a00000, 0x0000000800000000)
  region size 2048K, 1 young (2048K), 1 survivors (2048K)
 Metaspace       used 25949K, capacity 26188K, committed 26288K, reserved 1073152K
  class space    used 2713K, capacity 2788K, committed 2816K, reserved 1048576K
}
Event: 4.095 GC heap before
{Heap before GC invocations=7 (full 0):
 garbage-first heap   total 55296K, used 33723K [0x0000000701a00000, 0x0000000800000000)
  region size 2048K, 12 young (24576K), 1 survivors (2048K)
 Metaspace       used 27319K, capacity 27640K, committed 27824K, reserved 1075200K
  class space    used 2864K, capacity 2953K, committed 3072K, reserved 1048576K
}
Event: 4.100 GC heap after
{Heap after GC invocations=8 (full 0):
 garbage-first heap   total 55296K, used 14278K [0x0000000701a00000, 0x0000000800000000)
  region size 2048K, 2 young (4096K), 2 survivors (4096K)
 Metaspace       used 27319K, capacity 27640K, committed 27824K, reserved 1075200K
  class space    used 2864K, capacity 2953K, committed 3072K, reserved 1048576K
}
Event: 4.613 GC heap before
{Heap before GC invocations=8 (full 0):
 garbage-first heap   total 55296K, used 34758K [0x0000000701a00000, 0x0000000800000000)
  region size 2048K, 13 young (26624K), 2 survivors (4096K)
 Metaspace       used 28761K, capacity 29055K, committed 29232K, reserved 1075200K
  class space    used 3053K, capacity 3140K, committed 3200K, reserved 1048576K
}
Event: 4.619 GC heap after
{Heap after GC invocations=9 (full 0):
 garbage-first heap   total 55296K, used 14886K [0x0000000701a00000, 0x0000000800000000)
  region size 2048K, 2 young (4096K), 2 survivors (4096K)
 Metaspace       used 28761K, capacity 29055K, committed 29232K, reserved 1075200K
  class space    used 3053K, capacity 3140K, committed 3200K, reserved 1048576K
}
Event: 5.040 GC heap before
{Heap before GC invocations=9 (full 0):
 garbage-first heap   total 55296K, used 37414K [0x0000000701a00000, 0x0000000800000000)
  region size 2048K, 13 young (26624K), 2 survivors (4096K)
 Metaspace       used 30604K, capacity 30908K, committed 31024K, reserved 1077248K
  class space    used 3270K, capacity 3372K, committed 3456K, reserved 1048576K
}
Event: 5.046 GC heap after
{Heap after GC invocations=10 (full 0):
 garbage-first heap   total 55296K, used 15212K [0x0000000701a00000, 0x0000000800000000)
  region size 2048K, 2 young (4096K), 2 survivors (4096K)
 Metaspace       used 30604K, capacity 30908K, committed 31024K, reserved 1077248K
  class space    used 3270K, capacity 3372K, committed 3456K, reserved 1048576K
}
Event: 5.634 GC heap before
{Heap before GC invocations=10 (full 0):
 garbage-first heap   total 55296K, used 39788K [0x0000000701a00000, 0x0000000800000000)
  region size 2048K, 14 young (28672K), 2 survivors (4096K)
 Metaspace       used 33070K, capacity 33418K, committed 33584K, reserved 1079296K
  class space    used 3619K, capacity 3710K, committed 3712K, reserved 1048576K
}
Event: 5.646 GC heap after
{Heap after GC invocations=11 (full 0):
 garbage-first heap   total 159744K, used 16983K [0x0000000701a00000, 0x0000000800000000)
  region size 2048K, 2 young (4096K), 2 survivors (4096K)
 Metaspace       used 33070K, capacity 33418K, committed 33584K, reserved 1079296K
  class space    used 3619K, capacity 3710K, committed 3712K, reserved 1048576K
}
Event: 6.128 GC heap before
{Heap before GC invocations=11 (full 0):
 garbage-first heap   total 159744K, used 35415K [0x0000000701a00000, 0x0000000800000000)
  region size 2048K, 12 young (24576K), 2 survivors (4096K)
 Metaspace       used 35300K, capacity 35607K, committed 35708K, reserved 1081344K
  class space    used 3853K, capacity 3970K, committed 4044K, reserved 1048576K
}
Event: 6.137 GC heap after
{Heap after GC invocations=12 (full 0):
 garbage-first heap   total 159744K, used 17936K [0x0000000701a00000, 0x0000000800000000)
  region size 2048K, 3 young (6144K), 3 survivors (6144K)
 Metaspace       used 35300K, capacity 35607K, committed 35708K, reserved 1081344K
  class space    used 3853K, capacity 3970K, committed 4044K, reserved 1048576K
}
Event: 6.302 GC heap before
{Heap before GC invocations=13 (full 0):
 garbage-first heap   total 75776K, used 54800K [0x0000000701a00000, 0x0000000800000000)
  region size 2048K, 22 young (45056K), 3 survivors (6144K)
 Metaspace       used 35639K, capacity 36025K, committed 36220K, reserved 1081344K
  class space    used 3883K, capacity 4004K, committed 4044K, reserved 1048576K
}
Event: 6.313 GC heap after
{Heap after GC invocations=14 (full 0):
 garbage-first heap   total 75776K, used 18561K [0x0000000701a00000, 0x0000000800000000)
  region size 2048K, 2 young (4096K), 2 survivors (4096K)
 Metaspace       used 35639K, capacity 36025K, committed 36220K, reserved 1081344K
  class space    used 3883K, capacity 4004K, committed 4044K, reserved 1048576K
}
Event: 6.772 GC heap before
{Heap before GC invocations=14 (full 0):
 garbage-first heap   total 75776K, used 57473K [0x0000000701a00000, 0x0000000800000000)
  region size 2048K, 22 young (45056K), 2 survivors (4096K)
 Metaspace       used 36778K, capacity 37181K, committed 37372K, reserved 1083392K
  class space    used 4015K, capacity 4133K, committed 4172K, reserved 1048576K
}
Event: 6.777 GC heap after
{Heap after GC invocations=15 (full 0):
 garbage-first heap   total 75776K, used 18643K [0x0000000701a00000, 0x0000000800000000)
  region size 2048K, 2 young (4096K), 2 survivors (4096K)
 Metaspace       used 36778K, capacity 37181K, committed 37372K, reserved 1083392K
  class space    used 4015K, capacity 4133K, committed 4172K, reserved 1048576K
}
Event: 7.246 GC heap before
{Heap before GC invocations=15 (full 0):
 garbage-first heap   total 75776K, used 57555K [0x0000000701a00000, 0x0000000800000000)
  region size 2048K, 22 young (45056K), 2 survivors (4096K)
 Metaspace       used 38486K, capacity 38879K, committed 39164K, reserved 1083392K
  class space    used 4191K, capacity 4305K, committed 4428K, reserved 1048576K
}
Event: 7.252 GC heap after
{Heap after GC invocations=16 (full 0):
 garbage-first heap   total 92160K, used 20187K [0x0000000701a00000, 0x0000000800000000)
  region size 2048K, 2 young (4096K), 2 survivors (4096K)
 Metaspace       used 38486K, capacity 38879K, committed 39164K, reserved 1083392K
  class space    used 4191K, capacity 4305K, committed 4428K, reserved 1048576K
}
Event: 8.360 GC heap before
{Heap before GC invocations=16 (full 0):
 garbage-first heap   total 92160K, used 71387K [0x0000000701a00000, 0x0000000800000000)
  region size 2048K, 27 young (55296K), 2 survivors (4096K)
 Metaspace       used 42336K, capacity 42743K, committed 43004K, reserved 1087488K
  class space    used 4684K, capacity 4816K, committed 4940K, reserved 1048576K
}
Event: 8.366 GC heap after
{Heap after GC invocations=17 (full 0):
 garbage-first heap   total 92160K, used 22119K [0x0000000701a00000, 0x0000000800000000)
  region size 2048K, 3 young (6144K), 3 survivors (6144K)
 Metaspace       used 42336K, capacity 42743K, committed 43004K, reserved 1087488K
  class space    used 4684K, capacity 4816K, committed 4940K, reserved 1048576K
}

Deoptimization events (20 events):
Event: 8.682 Thread 0x00000139a2d7b000 DEOPT PACKING pc=0x00000139a6eb926c sp=0x00000004527fe1c0
Event: 8.682 Thread 0x00000139a2d7b000 DEOPT UNPACKING pc=0x00000139a674e23f sp=0x00000004527fd658 mode 1
Event: 8.682 Thread 0x00000139a2d7b000 DEOPT PACKING pc=0x00000139a6eb0cdc sp=0x00000004527fe290
Event: 8.682 Thread 0x00000139a2d7b000 DEOPT UNPACKING pc=0x00000139a674e23f sp=0x00000004527fd748 mode 1
Event: 8.682 Thread 0x00000139a2d7b000 DEOPT PACKING pc=0x00000139a6eeaabc sp=0x00000004527feca0
Event: 8.682 Thread 0x00000139a2d7b000 DEOPT UNPACKING pc=0x00000139a674e23f sp=0x00000004527fe190 mode 1
Event: 8.706 Thread 0x00000139a2d7b000 DEOPT PACKING pc=0x00000139a6d0ff01 sp=0x00000004527fcc10
Event: 8.706 Thread 0x00000139a2d7b000 DEOPT UNPACKING pc=0x00000139a674e23f sp=0x00000004527fc1c0 mode 0
Event: 8.715 Thread 0x00000139a2d7b000 DEOPT PACKING pc=0x00000139a6eb926c sp=0x00000004527fe1c0
Event: 8.715 Thread 0x00000139a2d7b000 DEOPT UNPACKING pc=0x00000139a674e23f sp=0x00000004527fd658 mode 1
Event: 8.715 Thread 0x00000139a2d7b000 DEOPT PACKING pc=0x00000139a6eb0cdc sp=0x00000004527fe290
Event: 8.715 Thread 0x00000139a2d7b000 DEOPT UNPACKING pc=0x00000139a674e23f sp=0x00000004527fd748 mode 1
Event: 8.715 Thread 0x00000139a2d7b000 DEOPT PACKING pc=0x00000139a6eeaabc sp=0x00000004527feca0
Event: 8.715 Thread 0x00000139a2d7b000 DEOPT UNPACKING pc=0x00000139a674e23f sp=0x00000004527fe190 mode 1
Event: 8.715 Thread 0x00000139a2d7b000 DEOPT PACKING pc=0x00000139a6eb926c sp=0x00000004527fe1c0
Event: 8.715 Thread 0x00000139a2d7b000 DEOPT UNPACKING pc=0x00000139a674e23f sp=0x00000004527fd658 mode 1
Event: 8.715 Thread 0x00000139a2d7b000 DEOPT PACKING pc=0x00000139a6eb0cdc sp=0x00000004527fe290
Event: 8.715 Thread 0x00000139a2d7b000 DEOPT UNPACKING pc=0x00000139a674e23f sp=0x00000004527fd748 mode 1
Event: 8.715 Thread 0x00000139a2d7b000 DEOPT PACKING pc=0x00000139a6eeaabc sp=0x00000004527feca0
Event: 8.715 Thread 0x00000139a2d7b000 DEOPT UNPACKING pc=0x00000139a674e23f sp=0x00000004527fe190 mode 1

Classes unloaded (0 events):
No events

Classes redefined (0 events):
No events

Internal exceptions (20 events):
Event: 7.225 Thread 0x00000139a2d7b000 Exception <a 'java/lang/ClassNotFoundException'{0x0000000703c9bf98}: org/quartz/simpl/SimpleThreadPoolCustomizer> (0x0000000703c9bf98) 
thrown [./open/src/hotspot/share/classfile/systemDictionary.cpp, line 295]
Event: 7.238 Thread 0x00000139a2d7b000 Exception <a 'java/lang/ClassNotFoundException'{0x0000000703d614e8}: org/quartz/simpl/RAMJobStoreBeanInfo> (0x0000000703d614e8) 
thrown [./open/src/hotspot/share/classfile/systemDictionary.cpp, line 295]
Event: 7.239 Thread 0x00000139a2d7b000 Exception <a 'java/lang/ClassNotFoundException'{0x0000000703d63e60}: org/quartz/simpl/RAMJobStoreCustomizer> (0x0000000703d63e60) 
thrown [./open/src/hotspot/share/classfile/systemDictionary.cpp, line 295]
Event: 7.303 Thread 0x00000139a2d7b000 Exception <a 'java/lang/ClassNotFoundException'{0x000000070a101d98}: java/lang/ObjectCustomizer> (0x000000070a101d98) 
thrown [./open/src/hotspot/share/classfile/systemDictionary.cpp, line 295]
Event: 7.304 Thread 0x00000139a2d7b000 Exception <a 'java/lang/ClassNotFoundException'{0x000000070a108a20}: org/springframework/security/config/annotation/web/configuration/WebSecurityConfigurationCustomizer> (0x000000070a108a20) 
thrown [./open/src/hotspot/share/classfile/systemDictionary.cpp, line 295]
Event: 7.306 Thread 0x00000139a2d7b000 Exception <a 'java/lang/ClassNotFoundException'{0x000000070a1169f8}: org/springframework/context/annotation/ImportAwareCustomizer> (0x000000070a1169f8) 
thrown [./open/src/hotspot/share/classfile/systemDictionary.cpp, line 295]
Event: 7.306 Thread 0x00000139a2d7b000 Exception <a 'java/lang/ClassNotFoundException'{0x000000070a11a788}: org/springframework/beans/factory/AwareCustomizer> (0x000000070a11a788) 
thrown [./open/src/hotspot/share/classfile/systemDictionary.cpp, line 295]
Event: 7.307 Thread 0x00000139a2d7b000 Exception <a 'java/lang/ClassNotFoundException'{0x000000070a11d8a8}: org/springframework/beans/factory/BeanClassLoaderAwareCustomizer> (0x000000070a11d8a8) 
thrown [./open/src/hotspot/share/classfile/systemDictionary.cpp, line 295]
Event: 7.308 Thread 0x00000139a2d7b000 Exception <a 'java/lang/ClassNotFoundException'{0x000000070a121648}: org/springframework/beans/factory/AwareCustomizer> (0x000000070a121648) 
thrown [./open/src/hotspot/share/classfile/systemDictionary.cpp, line 295]
Event: 7.413 Thread 0x00000139a2d7b000 Implicit null exception at 0x00000139ae35bed2 to 0x00000139ae35bf92
Event: 7.650 Thread 0x00000139a2d7b000 Exception <a 'java/lang/ClassNotFoundException'{0x0000000705e8e560}: java/lang/ObjectCustomizer> (0x0000000705e8e560) 
thrown [./open/src/hotspot/share/classfile/systemDictionary.cpp, line 295]
Event: 7.651 Thread 0x00000139a2d7b000 Exception <a 'java/lang/ClassNotFoundException'{0x0000000705e951f8}: org/springframework/security/config/annotation/web/configuration/HttpSecurityConfigurationCustomizer> (0x0000000705e951f8) 
thrown [./open/src/hotspot/share/classfile/systemDictionary.cpp, line 295]
Event: 7.900 Thread 0x00000139a2d7b000 Exception <a 'java/lang/NoSuchMethodError'{0x00000007055693c8}: 'void java.lang.invoke.DirectMethodHandle$Holder.invokeVirtual(java.lang.Object, java.lang.Object, int)'> (0x00000007055693c8) 
thrown [./open/src/hotspot/share/interpreter/linkResolver.cpp, line 782]
Event: 7.904 Thread 0x00000139a2d7b000 Exception <a 'java/lang/NoSuchMethodError'{0x0000000705585648}: 'void java.lang.invoke.DirectMethodHandle$Holder.invokeVirtual(java.lang.Object, java.lang.Object, long)'> (0x0000000705585648) 
thrown [./open/src/hotspot/share/interpreter/linkResolver.cpp, line 782]
Event: 8.191 Thread 0x00000139a2d7b000 Exception <a 'java/lang/IncompatibleClassChangeError'{0x000000070464b708}: Found class java.lang.Object, but interface was expected> (0x000000070464b708) 
thrown [./open/src/hotspot/share/interpreter/linkResolver.cpp, line 848]
Event: 8.283 Thread 0x00000139a2d7b000 Exception <a 'java/lang/NoSuchMethodError'{0x00000007045d9828}: 'int java.lang.invoke.DirectMethodHandle$Holder.invokeStaticInit(java.lang.Object, java.lang.Object, java.lang.Object, java.lang.Object)'> (0x00000007045d9828) 
thrown [./open/src/hotspot/share/interpreter/linkResolver.cpp, line 782]
Event: 8.389 Thread 0x00000139a2d7b000 Exception <a 'java/lang/NoSuchMethodError'{0x00000007118d2058}: 'java.lang.Object java.lang.invoke.DirectMethodHandle$Holder.invokeSpecial(java.lang.Object, java.lang.Object, int, java.lang.Object, int, java.lang.Object)'> (0x00000007118d2058) 
thrown [./open/src/hotspot/share/interpreter/linkResolver.cpp, line 782]
Event: 8.390 Thread 0x00000139a2d7b000 Exception <a 'java/lang/NoSuchMethodError'{0x00000007118da840}: 'java.lang.Object java.lang.invoke.DirectMethodHandle$Holder.newInvokeSpecial(java.lang.Object, java.lang.Object, int, java.lang.Object, int)'> (0x00000007118da840) 
thrown [./open/src/hotspot/share/interpreter/linkResolver.cpp, line 782]
Event: 8.391 Thread 0x00000139a2d7b000 Exception <a 'java/lang/NoSuchMethodError'{0x00000007118dea50}: 'java.lang.Object java.lang.invoke.DirectMethodHandle$Holder.invokeSpecial(java.lang.Object, java.lang.Object, java.lang.Object, int, java.lang.Object, int)'> (0x00000007118dea50) 
thrown [./open/src/hotspot/share/interpreter/linkResolver.cpp, line 782]
Event: 8.393 Thread 0x00000139a2d7b000 Exception <a 'java/lang/NoSuchMethodError'{0x00000007118edec0}: 'void java.lang.invoke.DirectMethodHandle$Holder.invokeVirtual(java.lang.Object, java.lang.Object)'> (0x00000007118edec0) 
thrown [./open/src/hotspot/share/interpreter/linkResolver.cpp, line 782]

Events (20 events):
Event: 8.457 Thread 0x00000139c3bc5630 Thread added: 0x00000139c3bc5630
Event: 8.457 Thread 0x00000139c64d7830 Thread added: 0x00000139c64d7830
Event: 8.457 Thread 0x00000139c64d2660 Thread added: 0x00000139c64d2660
Event: 8.457 Thread 0x00000139c64d3e70 Thread added: 0x00000139c64d3e70
Event: 8.457 Thread 0x00000139c64d2190 Thread added: 0x00000139c64d2190
Event: 8.457 Thread 0x00000139c64d8b70 Thread added: 0x00000139c64d8b70
Event: 8.465 Thread 0x00000139c64d7360 Thread added: 0x00000139c64d7360
Event: 8.468 Thread 0x00000139c64d81d0 Thread added: 0x00000139c64d81d0
Event: 8.470 loading class java/util/TreeMap$ValueSpliterator
Event: 8.470 loading class java/util/TreeMap$TreeMapSpliterator
Event: 8.470 loading class java/util/TreeMap$TreeMapSpliterator done
Event: 8.470 loading class java/util/TreeMap$ValueSpliterator done
Event: 8.490 loading class java/util/AbstractMap$1$1
Event: 8.491 loading class java/util/AbstractMap$1$1 done
Event: 8.494 loading class jdk/internal/math/FDBigInteger
Event: 8.495 loading class jdk/internal/math/FDBigInteger done
Event: 8.543 loading class java/util/ServiceConfigurationError
Event: 8.543 loading class java/util/ServiceConfigurationError done
Event: 8.593 loading class java/util/regex/Pattern$1
Event: 8.593 loading class java/util/regex/Pattern$1 done


Dynamic libraries:
0x00007ff6e1a00000 - 0x00007ff6e1a0d000 	C:\Users\P1324311\.p2\pool\plugins\org.eclipse.justj.openjdk.hotspot.jre.full.win32.x86_64_15.0.1.v20201027-0507\jre\bin\javaw.exe
0x00007fff53650000 - 0x00007fff5383d000 	C:\Windows\SYSTEM32\ntdll.dll
0x00007fff508d0000 - 0x00007fff50983000 	C:\Windows\System32\KERNEL32.DLL
0x00007fff505d0000 - 0x00007fff50865000 	C:\Windows\System32\KERNELBASE.dll
0x00007fff4f720000 - 0x00007fff4f81a000 	C:\Windows\System32\ucrtbase.dll
0x00007fff17260000 - 0x00007fff17278000 	C:\Users\P1324311\.p2\pool\plugins\org.eclipse.justj.openjdk.hotspot.jre.full.win32.x86_64_15.0.1.v20201027-0507\jre\bin\jli.dll
0x00007fff51000000 - 0x00007fff51197000 	C:\Windows\System32\USER32.dll
0x00007fff4f700000 - 0x00007fff4f720000 	C:\Windows\System32\win32u.dll
0x00007fff4de70000 - 0x00007fff4e0e9000 	C:\Windows\WinSxS\amd64_microsoft.windows.common-controls_6595b64144ccf1df_6.0.17763.1637_none_de704308534c3ec5\COMCTL32.dll
0x00007fff51810000 - 0x00007fff51839000 	C:\Windows\System32\GDI32.dll
0x00007fff51770000 - 0x00007fff5180e000 	C:\Windows\System32\msvcrt.dll
0x00007fff501b0000 - 0x00007fff5034c000 	C:\Windows\System32\gdi32full.dll
0x00007fff513d0000 - 0x00007fff516fe000 	C:\Windows\System32\combase.dll
0x00007fff50420000 - 0x00007fff504c0000 	C:\Windows\System32\msvcp_win.dll
0x00007fff50cf0000 - 0x00007fff50e12000 	C:\Windows\System32\RPCRT4.dll
0x00007fff503a0000 - 0x00007fff5041f000 	C:\Windows\System32\bcryptPrimitives.dll
0x00007fff11110000 - 0x00007fff11129000 	C:\Users\P1324311\.p2\pool\plugins\org.eclipse.justj.openjdk.hotspot.jre.full.win32.x86_64_15.0.1.v20201027-0507\jre\bin\VCRUNTIME140.dll
0x00007fff50cc0000 - 0x00007fff50cee000 	C:\Windows\System32\IMM32.DLL
0x00007fff4f000000 - 0x00007fff4f124000 	C:\Program Files\Avecto\Privilege Guard Client\PGHook.dll
0x00007fff51840000 - 0x00007fff52d39000 	C:\Windows\System32\shell32.dll
0x00007fff50350000 - 0x00007fff5039a000 	C:\Windows\System32\cfgmgr32.dll
0x00007fff51260000 - 0x00007fff51308000 	C:\Windows\System32\shcore.dll
0x00007fff4fa20000 - 0x00007fff50173000 	C:\Windows\System32\windows.storage.dll
0x00007fff51320000 - 0x00007fff513bf000 	C:\Windows\System32\sechost.dll
0x00007fff53570000 - 0x00007fff53613000 	C:\Windows\System32\advapi32.dll
0x00007fff4f6d0000 - 0x00007fff4f6f4000 	C:\Windows\System32\profapi.dll
0x00007fff4f650000 - 0x00007fff4f6ad000 	C:\Windows\System32\powrprof.dll
0x00007fff51200000 - 0x00007fff51252000 	C:\Windows\System32\shlwapi.dll
0x00007fff4f630000 - 0x00007fff4f641000 	C:\Windows\System32\kernel.appcore.dll
0x00007fff4f820000 - 0x00007fff4f837000 	C:\Windows\System32\cryptsp.dll
0x00007fff4ef50000 - 0x00007fff4ef83000 	C:\Windows\system32\rsaenh.dll
0x00007fff50180000 - 0x00007fff501a6000 	C:\Windows\System32\bcrypt.dll
0x00007fff4ef40000 - 0x00007fff4ef4c000 	C:\Windows\SYSTEM32\CRYPTBASE.dll
0x00007fff3b2b0000 - 0x00007fff3b362000 	C:\Program Files\McAfee\Endpoint Security\Threat Prevention\Ips\EpMPApi.dll
0x00007fff50570000 - 0x00007fff505c9000 	C:\Windows\System32\WINTRUST.dll
0x00007fff4f6b0000 - 0x00007fff4f6c2000 	C:\Windows\System32\MSASN1.dll
0x00007fff4f840000 - 0x00007fff4fa1c000 	C:\Windows\System32\CRYPT32.dll
0x0000000070270000 - 0x000000007027c000 	C:\Program Files\McAfee\Endpoint Security\Threat Prevention\Ips\EpMPThe.dll
0x00007fff3a8c0000 - 0x00007fff3a8cc000 	C:\Users\P1324311\.p2\pool\plugins\org.eclipse.justj.openjdk.hotspot.jre.full.win32.x86_64_15.0.1.v20201027-0507\jre\bin\vcruntime140_1.dll
0x00007ffef9e20000 - 0x00007ffef9eb1000 	C:\Users\P1324311\.p2\pool\plugins\org.eclipse.justj.openjdk.hotspot.jre.full.win32.x86_64_15.0.1.v20201027-0507\jre\bin\msvcp140.dll
0x00007ffed7460000 - 0x00007ffed7fbe000 	C:\Users\P1324311\.p2\pool\plugins\org.eclipse.justj.openjdk.hotspot.jre.full.win32.x86_64_15.0.1.v20201027-0507\jre\bin\server\jvm.dll
0x00007fff51310000 - 0x00007fff51318000 	C:\Windows\System32\PSAPI.DLL
0x00007fff22d30000 - 0x00007fff22d39000 	C:\Windows\SYSTEM32\WSOCK32.dll
0x00007fff51700000 - 0x00007fff5176d000 	C:\Windows\System32\WS2_32.dll
0x00007fff495a0000 - 0x00007fff495c4000 	C:\Windows\SYSTEM32\WINMM.dll
0x00007fff45140000 - 0x00007fff4514a000 	C:\Windows\SYSTEM32\VERSION.dll
0x00007fff494e0000 - 0x00007fff4950d000 	C:\Windows\SYSTEM32\WINMMBASE.dll
0x00007fff33ff0000 - 0x00007fff33ffa000 	C:\Users\P1324311\.p2\pool\plugins\org.eclipse.justj.openjdk.hotspot.jre.full.win32.x86_64_15.0.1.v20201027-0507\jre\bin\jimage.dll
0x00007fff4d5b0000 - 0x00007fff4d79d000 	C:\Windows\SYSTEM32\DBGHELP.DLL
0x00007fff325a0000 - 0x00007fff325ca000 	C:\Windows\SYSTEM32\dbgcore.DLL
0x00007fff02160000 - 0x00007fff02199000 	C:\Users\P1324311\.p2\pool\plugins\org.eclipse.justj.openjdk.hotspot.jre.full.win32.x86_64_15.0.1.v20201027-0507\jre\bin\jdwp.dll
0x00007fff3aa20000 - 0x00007fff3aa2e000 	C:\Users\P1324311\.p2\pool\plugins\org.eclipse.justj.openjdk.hotspot.jre.full.win32.x86_64_15.0.1.v20201027-0507\jre\bin\instrument.dll
0x00007fff1d7c0000 - 0x00007fff1d7e5000 	C:\Users\P1324311\.p2\pool\plugins\org.eclipse.justj.openjdk.hotspot.jre.full.win32.x86_64_15.0.1.v20201027-0507\jre\bin\java.dll
0x00007fff22cb0000 - 0x00007fff22cc8000 	C:\Users\P1324311\.p2\pool\plugins\org.eclipse.justj.openjdk.hotspot.jre.full.win32.x86_64_15.0.1.v20201027-0507\jre\bin\zip.dll
0x00007fff3a990000 - 0x00007fff3a99b000 	C:\Users\P1324311\.p2\pool\plugins\org.eclipse.justj.openjdk.hotspot.jre.full.win32.x86_64_15.0.1.v20201027-0507\jre\bin\dt_socket.dll
0x00007fff4e9b0000 - 0x00007fff4e9ed000 	C:\Windows\SYSTEM32\IPHLPAPI.DLL
0x00007fff4ece0000 - 0x00007fff4ed47000 	C:\Windows\system32\mswsock.dll
0x00007fff4e9f0000 - 0x00007fff4eab6000 	C:\Windows\SYSTEM32\DNSAPI.dll
0x00007fff50e20000 - 0x00007fff50e28000 	C:\Windows\System32\NSI.dll
0x00007fff3ee20000 - 0x00007fff3ee2a000 	C:\Windows\System32\rasadhlp.dll
0x00007fff45550000 - 0x00007fff455c9000 	C:\Windows\System32\fwpuclnt.dll
0x00007fff1d720000 - 0x00007fff1d739000 	C:\Users\P1324311\.p2\pool\plugins\org.eclipse.justj.openjdk.hotspot.jre.full.win32.x86_64_15.0.1.v20201027-0507\jre\bin\net.dll
0x00007fff3f230000 - 0x00007fff3f324000 	C:\Windows\SYSTEM32\WINHTTP.dll
0x00007fff1d700000 - 0x00007fff1d712000 	C:\Users\P1324311\.p2\pool\plugins\org.eclipse.justj.openjdk.hotspot.jre.full.win32.x86_64_15.0.1.v20201027-0507\jre\bin\nio.dll
0x00007fff33540000 - 0x00007fff33550000 	C:\Users\P1324311\.p2\pool\plugins\org.eclipse.justj.openjdk.hotspot.jre.full.win32.x86_64_15.0.1.v20201027-0507\jre\bin\verify.dll
0x00007fff2f750000 - 0x00007fff2f759000 	C:\Users\P1324311\.p2\pool\plugins\org.eclipse.justj.openjdk.hotspot.jre.full.win32.x86_64_15.0.1.v20201027-0507\jre\bin\management.dll
0x00007fff2bfe0000 - 0x00007fff2bfeb000 	C:\Users\P1324311\.p2\pool\plugins\org.eclipse.justj.openjdk.hotspot.jre.full.win32.x86_64_15.0.1.v20201027-0507\jre\bin\management_ext.dll
0x00007fff265e0000 - 0x00007fff265f6000 	C:\Windows\system32\napinsp.dll
0x00007fff25880000 - 0x00007fff2589a000 	C:\Windows\system32\pnrpnsp.dll
0x00007fff26770000 - 0x00007fff2677e000 	C:\Windows\System32\winrnr.dll
0x00007fff47c30000 - 0x00007fff47c4b000 	C:\Windows\system32\NLAapi.dll
0x00007fff40ba0000 - 0x00007fff40bb5000 	C:\Windows\system32\wshbth.dll
0x00007fff4f530000 - 0x00007fff4f559000 	C:\Windows\SYSTEM32\USERENV.dll
0x00007fff45d70000 - 0x00007fff45d86000 	C:\Windows\SYSTEM32\dhcpcsvc6.DLL
0x00007fff453f0000 - 0x00007fff4540c000 	C:\Windows\SYSTEM32\dhcpcsvc.DLL

dbghelp: loaded successfully - version: 4.0.5 - missing functions: none
symbol engine: initialized successfully - sym options: 0x614 - pdb path: .;C:\Users\P1324311\.p2\pool\plugins\org.eclipse.justj.openjdk.hotspot.jre.full.win32.x86_64_15.0.1.v20201027-0507\jre\bin;C:\Windows\SYSTEM32;C:\Windows\WinSxS\amd64_microsoft.windows.common-controls_6595b64144ccf1df_6.0.17763.1637_none_de704308534c3ec5;C:\Program Files\Avecto\Privilege Guard Client;C:\Program Files\McAfee\Endpoint Security\Threat Prevention\Ips;C:\Users\P1324311\.p2\pool\plugins\org.eclipse.justj.openjdk.hotspot.jre.full.win32.x86_64_15.0.1.v20201027-0507\jre\bin\server

VM Arguments:
jvm_args: -XX:+ShowCodeDetailsInExceptionMessages -agentlib:jdwp=transport=dt_socket,suspend=y,address=localhost:61746 -javaagent:D:\eclipse\eclipse\configuration\org.eclipse.osgi\215\0\.cp\lib\javaagent-shaded.jar -Dfile.encoding=UTF-8 
java_command: com.pms.pmsapp.PmsappApplication
java_class_path (initial): D:\Vincent Lai's Project\pms\pmsapp\target\classes;C:\Users\P1324311\.m2\repository\com\oracle\ojdbc7\12.1.0.2\ojdbc7-12.1.0.2.jar;C:\Users\P1324311\.m2\repository\org\springframework\boot\spring-boot-starter-data-jpa\2.4.1-SNAPSHOT\spring-boot-starter-data-jpa-2.4.1-SNAPSHOT.jar;C:\Users\P1324311\.m2\repository\org\springframework\boot\spring-boot-starter-aop\2.4.1-SNAPSHOT\spring-boot-starter-aop-2.4.1-SNAPSHOT.jar;C:\Users\P1324311\.m2\repository\org\aspectj\aspectjweaver\1.9.6\aspectjweaver-1.9.6.jar;C:\Users\P1324311\.m2\repository\org\springframework\boot\spring-boot-starter-jdbc\2.4.1-SNAPSHOT\spring-boot-starter-jdbc-2.4.1-SNAPSHOT.jar;C:\Users\P1324311\.m2\repository\com\zaxxer\HikariCP\3.4.5\HikariCP-3.4.5.jar;C:\Users\P1324311\.m2\repository\org\springframework\spring-jdbc\5.3.2\spring-jdbc-5.3.2.jar;C:\Users\P1324311\.m2\repository\jakarta\transaction\jakarta.transaction-api\1.3.3\jakarta.transaction-api-1.3.3.jar;C:\Users\P1324311\.m2\repository\jakarta\persistence\jakarta.persistence-api\2.2.3\jakarta.persistence-api-2.2.3.jar;C:\Users\P1324311\.m2\repository\org\springframework\data\spring-data-jpa\2.4.2\spring-data-jpa-2.4.2.jar;C:\Users\P1324311\.m2\repository\org\springframework\data\spring-data-commons\2.4.2\spring-data-commons-2.4.2.jar;C:\Users\P1324311\.m2\repository\org\springframework\spring-orm\5.3.2\spring-orm-5.3.2.jar;C:\Users\P1324311\.m2\repository\org\springframework\spring-context\5.3.2\spring-context-5.3.2.jar;C:\Users\P1324311\.m2\repository\org\springframework\spring-beans\5.3.2\spring-beans-5.3.2.jar;C:\Users\P1324311\.m2\repository\org\springframework\spring-aspects\5.3.2\spring-aspects-5.3.2.jar;C:\Users\P1324311\.m2\repository\org\springframework\boot\spring-boot-starter-web\2.4.1-SNAPSHOT\spring-boot-starter-web-2.4.1-SNAPSHOT.jar;C:\Users\P1324311\.m2\repository\org\springframework\boot\spring-boot-starter\2.4.1-SNAPSHOT\spring-boot-starter-2.4.1-SNAPSHOT.jar;C:\Users\P1324311\.m2\repository\org\s
Launcher Type: SUN_STANDARD

[Global flags]
     intx CICompilerCount                          = 4                                         {product} {ergonomic}
     uint ConcGCThreads                            = 2                                         {product} {ergonomic}
     uint G1ConcRefinementThreads                  = 8                                         {product} {ergonomic}
   size_t G1HeapRegionSize                         = 2097152                                   {product} {ergonomic}
    uintx GCDrainStackTargetSize                   = 64                                        {product} {ergonomic}
   size_t InitialHeapSize                          = 268435456                                 {product} {ergonomic}
   size_t MarkStackSize                            = 4194304                                   {product} {ergonomic}
   size_t MaxHeapSize                              = 4267704320                                {product} {ergonomic}
   size_t MaxNewSize                               = 2560622592                                {product} {ergonomic}
   size_t MinHeapDeltaBytes                        = 2097152                                   {product} {ergonomic}
   size_t MinHeapSize                              = 8388608                                   {product} {ergonomic}
    uintx NonNMethodCodeHeapSize                   = 5839372                                {pd product} {ergonomic}
    uintx NonProfiledCodeHeapSize                  = 122909434                              {pd product} {ergonomic}
    uintx ProfiledCodeHeapSize                     = 122909434                              {pd product} {ergonomic}
    uintx ReservedCodeCacheSize                    = 251658240                              {pd product} {ergonomic}
     bool SegmentedCodeCache                       = true                                      {product} {ergonomic}
     bool ShowCodeDetailsInExceptionMessages       = true                                   {manageable} {command line}
   size_t SoftMaxHeapSize                          = 4267704320                             {manageable} {ergonomic}
     bool UseCompressedClassPointers               = true                                 {lp64_product} {ergonomic}
     bool UseCompressedOops                        = true                                 {lp64_product} {ergonomic}
     bool UseG1GC                                  = true                                      {product} {ergonomic}
     bool UseLargePagesIndividualAllocation        = false                                  {pd product} {ergonomic}

Logging:
Log output configuration:
 #0: stdout all=warning uptime,level,tags
 #1: stderr all=off uptime,level,tags

Environment Variables:
JAVA_HOME=C:\Program Files\Java\jdk1.8.0_192
PATH=C:\Users\P1324311\.p2\pool\plugins\org.eclipse.justj.openjdk.hotspot.jre.full.win32.x86_64_15.0.1.v20201027-0507\jre\bin;C:/Users/P1324311/.p2/pool/plugins/org.eclipse.justj.openjdk.hotspot.jre.full.win32.x86_64_15.0.1.v20201027-0507/jre/bin/server;C:/Users/P1324311/.p2/pool/plugins/org.eclipse.justj.openjdk.hotspot.jre.full.win32.x86_64_15.0.1.v20201027-0507/jre/bin;D:\app\L1324311\product\18.0.0\dbhomeXE\bin;C:\Program Files (x86)\Common Files\Oracle\Java\javapath;C:\Windows\system32;C:\Windows;C:\Windows\System32\Wbem;C:\Windows\System32\WindowsPowerShell\v1.0\;C:\Windows\System32\OpenSSH\;C:\Program Files\Intel\WiFi\bin\;C:\Program Files\Common Files\Intel\WirelessCommon\;C:\Program Files (x86)\Intel\Intel(R) Management Engine Components\DAL;C:\Program Files\Intel\Intel(R) Management Engine Components\DAL;C:\Program Files\TortoiseSVN\bin;C:\Program Files\nodejs\;C:\apache-maven-3.5.2\bin;C:\apache-ant-1.10.5\bin;C:\Program Files\Git\cmd;C:\Program Files\Notepad++;C:\Program Files\TortoiseGit\bin;C:\Program Files\Perforce;;C:\Program Files\Docker\Docker\resources\bin;C:\ProgramData\DockerDesktop\version-bin;C:\Users\P1324311\AppData\Local\Microsoft\WindowsApps;C:\Users\P1324311\AppData\Roaming\npm;;C:\Users\P1324311\AppData\Local\Programs\Microsoft VS Code\bin;D:\heroku\bin;D:\Angular Training\deploy-demo\heroku\bin;C:\Users\P1324311\Desktop;
USERNAME=P1324311
OS=Windows_NT
PROCESSOR_IDENTIFIER=Intel64 Family 6 Model 142 Stepping 10, GenuineIntel



---------------  S Y S T E M  ---------------

OS:
 Windows 10 , 64 bit Build 17763 (10.0.17763.475)
OS uptime: 3 days 22:50 hours
HyperV virtualization detected

CPU: total 8 (initial active 8) (4 cores per cpu, 2 threads per core) family 6 model 142 stepping 10 microcode 0xb4, cmov, cx8, fxsr, mmx, sse, sse2, sse3, ssse3, sse4.1, sse4.2, popcnt, vzeroupper, avx, avx2, aes, clmul, erms, 3dnowpref, lzcnt, ht, tsc, tscinvbit, bmi1, bmi2, adx, fma, clflush, clflushopt

Memory: 4k page, system-wide physical 16275M (2283M free)
TotalPageFile size 31422M (AvailPageFile size 15M)
current process WorkingSet (physical memory assigned to process): 402M, peak: 415M
current process commit charge ("private bytes"): 441M, peak: 455M

vm_info: OpenJDK 64-Bit Server VM (15.0.1+9-18) for windows-amd64 JRE (15.0.1+9-18), built on Sep 15 2020 14:39:31 by "mach5one" with unknown MS VC++:1925

END.
