#
# There is insufficient memory for the Java Runtime Environment to continue.
# Native memory allocation (malloc) failed to allocate 2055376 bytes for Chunk::new
# Possible reasons:
#   The system is out of physical RAM or swap space
#   The process is running with CompressedOops enabled, and the Java Heap may be blocking the growth of the native heap
# Possible solutions:
#   Reduce memory load on the system
#   Increase physical memory or swap space
#   Check if swap backing store is full
#   Decrease Java heap size (-Xmx/-Xms)
#   Decrease number of Java threads
#   Decrease Java thread stack sizes (-Xss)
#   Set larger code cache with -XX:ReservedCodeCacheSize=
#   JVM is running with Zero Based Compressed Oops mode in which the Java heap is
#     placed in the first 32GB address space. The Java Heap base address is the
#     maximum limit for the native heap growth. Please use -XX:HeapBaseMinAddress
#     to set the Java Heap base and to place the Java Heap above 32GB virtual address.
# This output file may be truncated or incomplete.
#
#  Out of Memory Error (./open/src/hotspot/share/memory/arena.cpp:195), pid=21976, tid=12716
#
# JRE version: OpenJDK Runtime Environment (15.0.1+9) (build 15.0.1+9-18)
# Java VM: OpenJDK 64-Bit Server VM (15.0.1+9-18, mixed mode, tiered, compressed oops, g1 gc, windows-amd64)
# No core dump will be written. Minidumps are not enabled by default on client versions of Windows
#

---------------  S U M M A R Y ------------

Command Line: -XX:+ShowCodeDetailsInExceptionMessages -agentlib:jdwp=transport=dt_socket,suspend=y,address=localhost:65114 -javaagent:D:\eclipse\eclipse\configuration\org.eclipse.osgi\215\0\.cp\lib\javaagent-shaded.jar -Dfile.encoding=UTF-8 com.pms.pmsapp.PmsappApplication

Host: Intel(R) Core(TM) i7-8550U CPU @ 1.80GHz, 8 cores, 15G,  Windows 10 , 64 bit Build 17763 (10.0.17763.475)
Time: Sun Dec 13 04:56:22 2020 Malay Peninsula Standard Time elapsed time: 84.928546 seconds (0d 0h 1m 24s)

---------------  T H R E A D  ---------------

Current thread (0x0000015a0f1de280):  JavaThread "C2 CompilerThread1" daemon [_thread_in_native, id=12716, stack(0x000000011a100000,0x000000011a200000)]


Current CompileTask:
C2:  84929 5562       4       org.eclipse.jdt.launching.internal.org.objectweb.asm.ClassReader::accept (1383 bytes)

Stack: [0x000000011a100000,0x000000011a200000]
Native frames: (J=compiled Java code, j=interpreted, Vv=VM code, C=native code)
V  [jvm.dll+0x62ae9a]
V  [jvm.dll+0x781389]
V  [jvm.dll+0x782ae3]
V  [jvm.dll+0x783143]
V  [jvm.dll+0x216265]
V  [jvm.dll+0x97efa]
V  [jvm.dll+0x985dc]
V  [jvm.dll+0x32e4c8]
V  [jvm.dll+0x2f78aa]
V  [jvm.dll+0x2f6c6a]
V  [jvm.dll+0x1ea645]
V  [jvm.dll+0x1e98ae]
V  [jvm.dll+0x1784c7]
V  [jvm.dll+0x1f9165]
V  [jvm.dll+0x1f720c]
V  [jvm.dll+0x74485d]
V  [jvm.dll+0x73d65a]
V  [jvm.dll+0x629c56]
C  [ucrtbase.dll+0x2268a]
C  [KERNEL32.DLL+0x17974]
C  [ntdll.dll+0x5a0b1]


---------------  P R O C E S S  ---------------

Threads class SMR info:
_java_thread_list=0x0000015a13afabc0, length=35, elements={
0x0000015a7fb5c010, 0x0000015a7fb609f0, 0x0000015a7fb822b0, 0x0000015a7fb74020,
0x0000015a7fb744f0, 0x0000015a7fb785e0, 0x0000015a7fb78ee0, 0x0000015a7fb79cd0,
0x0000015a7fcb9e20, 0x0000015a07f5d5b0, 0x0000015a7fde9d50, 0x0000015a7fdea9e0,
0x0000015a0814b240, 0x0000015a0ae2b1b0, 0x0000015a0ae28b30, 0x0000015a0ae24ca0,
0x0000015a0ae2a810, 0x0000015a0ae27cc0, 0x0000015a0ae29000, 0x0000015a0ae294d0,
0x0000015a0ae299a0, 0x0000015a0ae25b10, 0x0000015a0ae29e70, 0x0000015a0ae2a340,
0x0000015a0ae28190, 0x0000015a0ae2ace0, 0x0000015a0ae2b680, 0x0000015a0ae24300,
0x0000015a0ae247d0, 0x0000015a0ae25170, 0x0000015a0ae25640, 0x0000015a0ad60a30,
0x0000015a0ad60090, 0x0000015a0f1de280, 0x0000015a0ad60560
}

Java Threads: ( => current thread )
  0x0000015a7fb5c010 JavaThread "Reference Handler" daemon [_thread_blocked, id=23216, stack(0x000000011aa00000,0x000000011ab00000)]
  0x0000015a7fb609f0 JavaThread "Finalizer" daemon [_thread_blocked, id=20488, stack(0x000000011ab00000,0x000000011ac00000)]
  0x0000015a7fb822b0 JavaThread "Signal Dispatcher" daemon [_thread_blocked, id=21456, stack(0x000000011ac00000,0x000000011ad00000)]
  0x0000015a7fb74020 JavaThread "Attach Listener" daemon [_thread_blocked, id=18296, stack(0x000000011ad00000,0x000000011ae00000)]
  0x0000015a7fb744f0 JavaThread "Service Thread" daemon [_thread_blocked, id=7608, stack(0x000000011ae00000,0x000000011af00000)]
  0x0000015a7fb785e0 JavaThread "C2 CompilerThread0" daemon [_thread_in_native, id=2056, stack(0x000000011af00000,0x000000011b000000)]
  0x0000015a7fb78ee0 JavaThread "C1 CompilerThread0" daemon [_thread_blocked, id=20964, stack(0x000000011b000000,0x000000011b100000)]
  0x0000015a7fb79cd0 JavaThread "Sweeper thread" daemon [_thread_blocked, id=15452, stack(0x000000011b100000,0x000000011b200000)]
  0x0000015a7fcb9e20 JavaThread "Common-Cleaner" daemon [_thread_blocked, id=13512, stack(0x000000011b200000,0x000000011b300000)]
  0x0000015a07f5d5b0 JavaThread "JDWP Transport Listener: dt_socket" daemon [_thread_blocked, id=26064, stack(0x000000011b300000,0x000000011b400000)]
  0x0000015a7fde9d50 JavaThread "JDWP Event Helper Thread" daemon [_thread_blocked, id=19124, stack(0x000000011b400000,0x000000011b500000)]
  0x0000015a7fdea9e0 JavaThread "JDWP Command Reader" daemon [_thread_in_native, id=280, stack(0x000000011b500000,0x000000011b600000)]
  0x0000015a0814b240 JavaThread "Notification Thread" daemon [_thread_blocked, id=16016, stack(0x000000011b700000,0x000000011b800000)]
  0x0000015a0ae2b1b0 JavaThread "Catalina-utility-1" [_thread_blocked, id=23524, stack(0x000000011c100000,0x000000011c200000)]
  0x0000015a0ae28b30 JavaThread "Catalina-utility-2" [_thread_blocked, id=27208, stack(0x000000011c500000,0x000000011c600000)]
  0x0000015a0ae24ca0 JavaThread "container-0" [_thread_blocked, id=11012, stack(0x000000011c600000,0x000000011c700000)]
  0x0000015a0ae2a810 JavaThread "File Watcher" daemon [_thread_blocked, id=4204, stack(0x000000011c700000,0x000000011c800000)]
  0x0000015a0ae27cc0 JavaThread "Live Reload Server" daemon [_thread_in_native, id=16500, stack(0x000000011c900000,0x000000011ca00000)]
  0x0000015a0ae29000 JavaThread "http-nio-8080-BlockPoller" daemon [_thread_in_native, id=23896, stack(0x000000011c800000,0x000000011c900000)]
  0x0000015a0ae294d0 JavaThread "http-nio-8080-exec-1" daemon [_thread_in_vm, id=13592, stack(0x000000011ca00000,0x000000011cb00000)]
  0x0000015a0ae299a0 JavaThread "http-nio-8080-exec-2" daemon [_thread_blocked, id=20644, stack(0x000000011cb00000,0x000000011cc00000)]
  0x0000015a0ae25b10 JavaThread "http-nio-8080-exec-3" daemon [_thread_blocked, id=12952, stack(0x000000011cc00000,0x000000011cd00000)]
  0x0000015a0ae29e70 JavaThread "http-nio-8080-exec-4" daemon [_thread_blocked, id=6844, stack(0x000000011cd00000,0x000000011ce00000)]
  0x0000015a0ae2a340 JavaThread "http-nio-8080-exec-5" daemon [_thread_blocked, id=8096, stack(0x000000011ce00000,0x000000011cf00000)]
  0x0000015a0ae28190 JavaThread "http-nio-8080-exec-6" daemon [_thread_blocked, id=25788, stack(0x000000011cf00000,0x000000011d000000)]
  0x0000015a0ae2ace0 JavaThread "http-nio-8080-exec-7" daemon [_thread_blocked, id=5612, stack(0x000000011d000000,0x000000011d100000)]
  0x0000015a0ae2b680 JavaThread "http-nio-8080-exec-8" daemon [_thread_blocked, id=25840, stack(0x000000011d100000,0x000000011d200000)]
  0x0000015a0ae24300 JavaThread "http-nio-8080-exec-9" daemon [_thread_blocked, id=20360, stack(0x000000011d200000,0x000000011d300000)]
  0x0000015a0ae247d0 JavaThread "http-nio-8080-exec-10" daemon [_thread_blocked, id=15248, stack(0x000000011d300000,0x000000011d400000)]
  0x0000015a0ae25170 JavaThread "http-nio-8080-ClientPoller" daemon [_thread_in_native, id=21168, stack(0x000000011d400000,0x000000011d500000)]
  0x0000015a0ae25640 JavaThread "http-nio-8080-Acceptor" daemon [_thread_in_native, id=24912, stack(0x000000011d500000,0x000000011d600000)]
  0x0000015a0ad60a30 JavaThread "oracle.jdbc.driver.BlockSource.ThreadedCachingBlockSource.BlockReleaser" daemon [_thread_blocked, id=27272, stack(0x000000011d600000,0x000000011d700000)]
  0x0000015a0ad60090 JavaThread "DestroyJavaVM" [_thread_blocked, id=21868, stack(0x000000011a300000,0x000000011a400000)]
=>0x0000015a0f1de280 JavaThread "C2 CompilerThread1" daemon [_thread_in_native, id=12716, stack(0x000000011a100000,0x000000011a200000)]
  0x0000015a0ad60560 JavaThread "Hibernate Connection Pool Validation Thread" daemon [_thread_blocked, id=21728, stack(0x000000011b600000,0x000000011b700000)]

Other Threads:
  0x0000015a7fb29ae0 VMThread "VM Thread" [stack: 0x000000011a900000,0x000000011aa00000] [id=17128]
  0x0000015a08236780 WatcherThread [stack: 0x000000011b800000,0x000000011b900000] [id=26084]
  0x0000015a68346810 GCTaskThread "GC Thread#0" [stack: 0x000000011a400000,0x000000011a500000] [id=25876]
  0x0000015a7fde1360 GCTaskThread "GC Thread#1" [stack: 0x000000011b900000,0x000000011ba00000] [id=16712]
  0x0000015a7fde3cd0 GCTaskThread "GC Thread#2" [stack: 0x000000011ba00000,0x000000011bb00000] [id=21884]
  0x0000015a7fde0370 GCTaskThread "GC Thread#3" [stack: 0x000000011bb00000,0x000000011bc00000] [id=12432]
  0x0000015a7fde19c0 GCTaskThread "GC Thread#4" [stack: 0x000000011bc00000,0x000000011bd00000] [id=20564]
  0x0000015a7fde09d0 GCTaskThread "GC Thread#5" [stack: 0x000000011bd00000,0x000000011be00000] [id=5776]
  0x0000015a7fde3010 GCTaskThread "GC Thread#6" [stack: 0x000000011c200000,0x000000011c300000] [id=26116]
  0x0000015a7fde2ce0 GCTaskThread "GC Thread#7" [stack: 0x000000011c300000,0x000000011c400000] [id=24660]
  0x0000015a68359030 ConcurrentGCThread "G1 Main Marker" [stack: 0x000000011a500000,0x000000011a600000] [id=15388]
  0x0000015a68359e00 ConcurrentGCThread "G1 Conc#0" [stack: 0x000000011a600000,0x000000011a700000] [id=21988]
  0x0000015a7fde3670 ConcurrentGCThread "G1 Conc#1" [stack: 0x000000011c400000,0x000000011c500000] [id=8724]
  0x0000015a7b0c75c0 ConcurrentGCThread "G1 Refine#0" [stack: 0x000000011a700000,0x000000011a800000] [id=18688]
  0x0000015a7b0c80d0 ConcurrentGCThread "G1 Young RemSet Sampling" [stack: 0x000000011a800000,0x000000011a900000] [id=17176]

Threads with active compile tasks:
C2 CompilerThread0    85073 5503       4       org.eclipse.jdt.launching.internal.org.objectweb.asm.ClassReader::readCode (5089 bytes)
C2 CompilerThread1    85074 5562       4       org.eclipse.jdt.launching.internal.org.objectweb.asm.ClassReader::accept (1383 bytes)

VM state: not at safepoint (normal execution)

VM Mutex/Monitor currently owned by a thread: None

Heap address: 0x0000000701a00000, size: 4070 MB, Compressed Oops mode: Zero based, Oop shift amount: 3
CDS disabled.
Compressed class space mapped at: 0x0000000800000000-0x0000000840000000, size: 1073741824
Narrow klass base: 0x0000000800000000, Narrow klass shift: 0, Narrow klass range: 0x40000000

GC Precious Log:
 CPUs: 8 total, 8 available
 Memory: 16275M
 Large Page Support: Disabled
 NUMA Support: Disabled
 Compressed Oops: Enabled (Zero based)
 Heap Region Size: 2M
 Heap Min Capacity: 8M
 Heap Initial Capacity: 256M
 Heap Max Capacity: 4070M
 Pre-touch: Disabled
 Parallel Workers: 8
 Concurrent Workers: 2
 Concurrent Refinement Workers: 8
 Periodic GC: Disabled

Heap:
 garbage-first heap   total 108544K, used 43159K [0x0000000701a00000, 0x0000000800000000)
  region size 2048K, 13 young (26624K), 2 survivors (4096K)
 Metaspace       used 67841K, capacity 68396K, committed 68684K, reserved 1110016K
  class space    used 8032K, capacity 8216K, committed 8268K, reserved 1048576K

Heap Regions: E=young(eden), S=young(survivor), O=old, HS=humongous(starts), HC=humongous(continues), CS=collection set, F=free, OA=open archive, CA=closed archive, TAMS=top-at-mark-start (previous, next)
|   0|0x0000000701a00000, 0x0000000701c00000, 0x0000000701c00000|100%| O|  |TAMS 0x0000000701c00000, 0x0000000701a00000| Untracked 
|   1|0x0000000701c00000, 0x0000000701e00000, 0x0000000701e00000|100%| O|  |TAMS 0x0000000701e00000, 0x0000000701c00000| Untracked 
|   2|0x0000000701e00000, 0x0000000702000000, 0x0000000702000000|100%| O|  |TAMS 0x0000000702000000, 0x0000000701e00000| Untracked 
|   3|0x0000000702000000, 0x00000007020c2e00, 0x0000000702200000| 38%| O|  |TAMS 0x00000007020c2e00, 0x0000000702000000| Untracked 
|   4|0x0000000702200000, 0x0000000702400000, 0x0000000702400000|100%| O|  |TAMS 0x0000000702400000, 0x0000000702200000| Untracked 
|   5|0x0000000702400000, 0x0000000702600000, 0x0000000702600000|100%| O|  |TAMS 0x0000000702600000, 0x0000000702400000| Untracked 
|   6|0x0000000702600000, 0x0000000702800000, 0x0000000702800000|100%| O|  |TAMS 0x000000070261fc00, 0x0000000702600000| Untracked 
|   7|0x0000000702800000, 0x0000000702a00000, 0x0000000702a00000|100%| O|  |TAMS 0x0000000702800000, 0x0000000702800000| Untracked 
|   8|0x0000000702a00000, 0x0000000702bb8a00, 0x0000000702c00000| 86%| O|  |TAMS 0x0000000702a00000, 0x0000000702a00000| Untracked 
|   9|0x0000000702c00000, 0x0000000702e00000, 0x0000000702e00000|100%| O|  |TAMS 0x0000000702c00000, 0x0000000702c00000| Untracked 
|  10|0x0000000702e00000, 0x0000000703000000, 0x0000000703000000|100%| O|  |TAMS 0x0000000702e00000, 0x0000000702e00000| Untracked 
|  11|0x0000000703000000, 0x000000070307b200, 0x0000000703200000| 24%| O|  |TAMS 0x0000000703000000, 0x0000000703000000| Untracked 
|  12|0x0000000703200000, 0x0000000703200000, 0x0000000703400000|  0%| F|  |TAMS 0x0000000703200000, 0x0000000703200000| Untracked 
|  13|0x0000000703400000, 0x0000000703400000, 0x0000000703600000|  0%| F|  |TAMS 0x0000000703400000, 0x0000000703400000| Untracked 
|  14|0x0000000703600000, 0x0000000703600000, 0x0000000703800000|  0%| F|  |TAMS 0x0000000703600000, 0x0000000703600000| Untracked 
|  15|0x0000000703800000, 0x0000000703800000, 0x0000000703a00000|  0%| F|  |TAMS 0x0000000703800000, 0x0000000703800000| Untracked 
|  16|0x0000000703a00000, 0x0000000703b2f260, 0x0000000703c00000| 59%| S|CS|TAMS 0x0000000703a00000, 0x0000000703a00000| Complete 
|  17|0x0000000703c00000, 0x0000000703e00000, 0x0000000703e00000|100%| S|CS|TAMS 0x0000000703c00000, 0x0000000703c00000| Complete 
|  18|0x0000000703e00000, 0x0000000703e00000, 0x0000000704000000|  0%| F|  |TAMS 0x0000000703e00000, 0x0000000703e00000| Untracked 
|  19|0x0000000704000000, 0x0000000704000000, 0x0000000704200000|  0%| F|  |TAMS 0x0000000704000000, 0x0000000704000000| Untracked 
|  20|0x0000000704200000, 0x0000000704200000, 0x0000000704400000|  0%| F|  |TAMS 0x0000000704200000, 0x0000000704200000| Untracked 
|  21|0x0000000704400000, 0x0000000704400000, 0x0000000704600000|  0%| F|  |TAMS 0x0000000704400000, 0x0000000704400000| Untracked 
|  22|0x0000000704600000, 0x0000000704600000, 0x0000000704800000|  0%| F|  |TAMS 0x0000000704600000, 0x0000000704600000| Untracked 
|  23|0x0000000704800000, 0x0000000704800000, 0x0000000704a00000|  0%| F|  |TAMS 0x0000000704800000, 0x0000000704800000| Untracked 
|  24|0x0000000704a00000, 0x0000000704a00000, 0x0000000704c00000|  0%| F|  |TAMS 0x0000000704a00000, 0x0000000704a00000| Untracked 
|  25|0x0000000704c00000, 0x0000000704c00000, 0x0000000704e00000|  0%| F|  |TAMS 0x0000000704c00000, 0x0000000704c00000| Untracked 
|  26|0x0000000704e00000, 0x0000000704e00000, 0x0000000705000000|  0%| F|  |TAMS 0x0000000704e00000, 0x0000000704e00000| Untracked 
|  27|0x0000000705000000, 0x0000000705000000, 0x0000000705200000|  0%| F|  |TAMS 0x0000000705000000, 0x0000000705000000| Untracked 
|  28|0x0000000705200000, 0x0000000705200000, 0x0000000705400000|  0%| F|  |TAMS 0x0000000705200000, 0x0000000705200000| Untracked 
|  29|0x0000000705400000, 0x0000000705400000, 0x0000000705600000|  0%| F|  |TAMS 0x0000000705400000, 0x0000000705400000| Untracked 
|  30|0x0000000705600000, 0x0000000705600000, 0x0000000705800000|  0%| F|  |TAMS 0x0000000705600000, 0x0000000705600000| Untracked 
|  31|0x0000000705800000, 0x0000000705800000, 0x0000000705a00000|  0%| F|  |TAMS 0x0000000705800000, 0x0000000705800000| Untracked 
|  32|0x0000000705a00000, 0x0000000705a00000, 0x0000000705c00000|  0%| F|  |TAMS 0x0000000705a00000, 0x0000000705a00000| Untracked 
|  33|0x0000000705c00000, 0x0000000705c00000, 0x0000000705e00000|  0%| F|  |TAMS 0x0000000705c00000, 0x0000000705c00000| Untracked 
|  34|0x0000000705e00000, 0x0000000705e00000, 0x0000000706000000|  0%| F|  |TAMS 0x0000000705e00000, 0x0000000705e00000| Untracked 
|  35|0x0000000706000000, 0x0000000706000000, 0x0000000706200000|  0%| F|  |TAMS 0x0000000706000000, 0x0000000706000000| Untracked 
|  36|0x0000000706200000, 0x0000000706200000, 0x0000000706400000|  0%| F|  |TAMS 0x0000000706200000, 0x0000000706200000| Untracked 
|  37|0x0000000706400000, 0x0000000706400000, 0x0000000706600000|  0%| F|  |TAMS 0x0000000706400000, 0x0000000706400000| Untracked 
|  38|0x0000000706600000, 0x0000000706600000, 0x0000000706800000|  0%| F|  |TAMS 0x0000000706600000, 0x0000000706600000| Untracked 
|  39|0x0000000706800000, 0x0000000706800000, 0x0000000706a00000|  0%| F|  |TAMS 0x0000000706800000, 0x0000000706800000| Untracked 
|  40|0x0000000706a00000, 0x0000000706a00000, 0x0000000706c00000|  0%| F|  |TAMS 0x0000000706a00000, 0x0000000706a00000| Untracked 
|  41|0x0000000706c00000, 0x0000000706c00000, 0x0000000706e00000|  0%| F|  |TAMS 0x0000000706c00000, 0x0000000706c00000| Untracked 
|  42|0x0000000706e00000, 0x0000000706ff13d0, 0x0000000707000000| 97%| E|  |TAMS 0x0000000706e00000, 0x0000000706e00000| Complete 
|  43|0x0000000707000000, 0x0000000707200000, 0x0000000707200000|100%| E|CS|TAMS 0x0000000707000000, 0x0000000707000000| Complete 
|  44|0x0000000707200000, 0x0000000707400000, 0x0000000707400000|100%| E|CS|TAMS 0x0000000707200000, 0x0000000707200000| Complete 
|  45|0x0000000707400000, 0x0000000707600000, 0x0000000707600000|100%| E|CS|TAMS 0x0000000707400000, 0x0000000707400000| Complete 
|  46|0x0000000707600000, 0x0000000707800000, 0x0000000707800000|100%| E|CS|TAMS 0x0000000707600000, 0x0000000707600000| Complete 
|  47|0x0000000707800000, 0x0000000707a00000, 0x0000000707a00000|100%| E|CS|TAMS 0x0000000707800000, 0x0000000707800000| Complete 
|  48|0x0000000707a00000, 0x0000000707c00000, 0x0000000707c00000|100%| E|CS|TAMS 0x0000000707a00000, 0x0000000707a00000| Complete 
|  49|0x0000000707c00000, 0x0000000707e00000, 0x0000000707e00000|100%| E|CS|TAMS 0x0000000707c00000, 0x0000000707c00000| Complete 
|  50|0x0000000707e00000, 0x0000000708000000, 0x0000000708000000|100%| E|CS|TAMS 0x0000000707e00000, 0x0000000707e00000| Complete 
|  51|0x0000000708000000, 0x0000000708200000, 0x0000000708200000|100%| E|CS|TAMS 0x0000000708000000, 0x0000000708000000| Complete 
| 127|0x0000000711800000, 0x0000000711a00000, 0x0000000711a00000|100%| E|  |TAMS 0x0000000711800000, 0x0000000711800000| Complete 

Card table byte_map: [0x0000015a7b9d0000,0x0000015a7c1d0000] _byte_map_base: 0x0000015a781c3000

Marking Bits (Prev, Next): (CMBitMap*) 0x0000015a68347d00, (CMBitMap*) 0x0000015a68347cc0
 Prev Bits: [0x0000015a03fa0000, 0x0000015a07f38000)
 Next Bits: [0x0000015a00000000, 0x0000015a03f98000)

Polling page: 0x0000015a65e90000

Metaspace:

Usage:
  Non-class:     58.77 MB capacity,    58.41 MB (>99%) used,   287.76 KB ( <1%) free+waste,    83.81 KB ( <1%) overhead. 
      Class:      8.02 MB capacity,     7.84 MB ( 98%) used,   153.84 KB (  2%) free+waste,    29.38 KB ( <1%) overhead. 
       Both:     66.79 MB capacity,    66.25 MB (>99%) used,   441.59 KB ( <1%) free+waste,   113.19 KB ( <1%) overhead. 

Virtual space:
  Non-class space:       60.00 MB reserved,      59.00 MB ( 98%) committed 
      Class space:        1.00 GB reserved,       8.07 MB ( <1%) committed 
             Both:        1.06 GB reserved,      67.07 MB (  6%) committed 

Chunk freelists:
   Non-Class:  44.00 KB
       Class:  8.00 KB
        Both:  52.00 KB

MaxMetaspaceSize: 17179869184.00 GB
CompressedClassSpaceSize: 1.00 GB

CodeHeap 'non-profiled nmethods': size=120000Kb used=4193Kb max_used=4193Kb free=115806Kb
 bounds [0x0000015a73770000, 0x0000015a73b90000, 0x0000015a7aca0000]
CodeHeap 'profiled nmethods': size=120000Kb used=11536Kb max_used=11536Kb free=108463Kb
 bounds [0x0000015a6c240000, 0x0000015a6cd90000, 0x0000015a73770000]
CodeHeap 'non-nmethods': size=5760Kb used=1400Kb max_used=1506Kb free=4359Kb
 bounds [0x0000015a6bca0000, 0x0000015a6bf10000, 0x0000015a6c240000]
 total_blobs=5461 nmethods=4855 adapters=518
 compilation: enabled
              stopped_count=0, restarted_count=0
 full_count=0

Compilation events (20 events):
Event: 84.410 Thread 0x0000015a7fb78ee0 5554       3       org.springframework.asm.SymbolTable::addConstant (329 bytes)
Event: 84.414 Thread 0x0000015a7fb78ee0 nmethod 5554 0x0000015a6cd7b790 code [0x0000015a6cd7bce0, 0x0000015a6cd7eeb8]
Event: 84.486 Thread 0x0000015a0f1de280 nmethod 5504 0x0000015a73b7aa90 code [0x0000015a73b7b0a0, 0x0000015a73b81590]
Event: 84.486 Thread 0x0000015a0f1de280 5510       4       org.eclipse.jdt.launching.internal.org.objectweb.asm.FieldWriter::putFieldInfo (269 bytes)
Event: 84.521 Thread 0x0000015a7fb78ee0 5561       3       org.jboss.logging.Logger::join (112 bytes)
Event: 84.523 Thread 0x0000015a7fb78ee0 nmethod 5561 0x0000015a6cd7fa90 code [0x0000015a6cd7fd80, 0x0000015a6cd80b78]
Event: 84.529 Thread 0x0000015a0f1de280 nmethod 5510 0x0000015a73b84890 code [0x0000015a73b84b40, 0x0000015a73b85fb8]
Event: 84.529 Thread 0x0000015a0f1de280 5518       4       java.lang.Integer::numberOfLeadingZeros (79 bytes)
Event: 84.530 Thread 0x0000015a0f1de280 nmethod 5518 0x0000015a73b86d10 code [0x0000015a73b86e80, 0x0000015a73b86f38]
Event: 84.530 Thread 0x0000015a0f1de280 5536       4       java.lang.reflect.Modifier::isPrivate (12 bytes)
Event: 84.531 Thread 0x0000015a0f1de280 nmethod 5536 0x0000015a73b87010 code [0x0000015a73b87180, 0x0000015a73b871d8]
Event: 84.531 Thread 0x0000015a0f1de280 5509       4       jdk.internal.loader.Resource::getByteBuffer (24 bytes)
Event: 84.547 Thread 0x0000015a0f1de280 nmethod 5509 0x0000015a73b87310 code [0x0000015a73b87520, 0x0000015a73b880e0]
Event: 84.599 Thread 0x0000015a0f1de280 5562       4       org.eclipse.jdt.launching.internal.org.objectweb.asm.ClassReader::accept (1383 bytes)
Event: 84.911 Thread 0x0000015a7fb78ee0 5568   !   3       java.lang.Package::isSealed (56 bytes)
Event: 84.913 Thread 0x0000015a7fb78ee0 nmethod 5568 0x0000015a6cd81110 code [0x0000015a6cd81360, 0x0000015a6cd81f28]
Event: 84.913 Thread 0x0000015a7fb78ee0 5569       3       sun.net.www.protocol.file.Handler::hostsEqual (65 bytes)
Event: 84.913 Thread 0x0000015a7fb78ee0 nmethod 5569 0x0000015a6cd82310 code [0x0000015a6cd82500, 0x0000015a6cd82a68]
Event: 84.913 Thread 0x0000015a7fb78ee0 5570       3       java.net.URLStreamHandler::hostsEqual (75 bytes)
Event: 84.914 Thread 0x0000015a7fb78ee0 nmethod 5570 0x0000015a6cd82c90 code [0x0000015a6cd82e80, 0x0000015a6cd83498]

GC Heap History (20 events):
Event: 5.146 GC heap before
{Heap before GC invocations=8 (full 0):
 garbage-first heap   total 59392K, used 42151K [0x0000000701a00000, 0x0000000800000000)
  region size 2048K, 17 young (34816K), 2 survivors (4096K)
 Metaspace       used 32318K, capacity 32783K, committed 32896K, reserved 1079296K
  class space    used 3528K, capacity 3650K, committed 3712K, reserved 1048576K
}
Event: 5.151 GC heap after
{Heap after GC invocations=9 (full 0):
 garbage-first heap   total 59392K, used 12883K [0x0000000701a00000, 0x0000000800000000)
  region size 2048K, 3 young (6144K), 3 survivors (6144K)
 Metaspace       used 32318K, capacity 32783K, committed 32896K, reserved 1079296K
  class space    used 3528K, capacity 3650K, committed 3712K, reserved 1048576K
}
Event: 5.634 GC heap before
{Heap before GC invocations=9 (full 0):
 garbage-first heap   total 59392K, used 39507K [0x0000000701a00000, 0x0000000800000000)
  region size 2048K, 17 young (34816K), 3 survivors (6144K)
 Metaspace       used 34478K, capacity 34940K, committed 35200K, reserved 1081344K
  class space    used 3767K, capacity 3878K, committed 3968K, reserved 1048576K
}
Event: 5.640 GC heap after
{Heap after GC invocations=10 (full 0):
 garbage-first heap   total 59392K, used 14027K [0x0000000701a00000, 0x0000000800000000)
  region size 2048K, 2 young (4096K), 2 survivors (4096K)
 Metaspace       used 34478K, capacity 34940K, committed 35200K, reserved 1081344K
  class space    used 3767K, capacity 3878K, committed 3968K, reserved 1048576K
}
Event: 5.726 GC heap before
{Heap before GC invocations=10 (full 0):
 garbage-first heap   total 59392K, used 42699K [0x0000000701a00000, 0x0000000800000000)
  region size 2048K, 17 young (34816K), 2 survivors (4096K)
 Metaspace       used 34510K, capacity 34940K, committed 35200K, reserved 1081344K
  class space    used 3767K, capacity 3878K, committed 3968K, reserved 1048576K
}
Event: 5.731 GC heap after
{Heap after GC invocations=11 (full 0):
 garbage-first heap   total 59392K, used 14001K [0x0000000701a00000, 0x0000000800000000)
  region size 2048K, 2 young (4096K), 2 survivors (4096K)
 Metaspace       used 34510K, capacity 34940K, committed 35200K, reserved 1081344K
  class space    used 3767K, capacity 3878K, committed 3968K, reserved 1048576K
}
Event: 5.900 GC heap before
{Heap before GC invocations=11 (full 0):
 garbage-first heap   total 59392K, used 42673K [0x0000000701a00000, 0x0000000800000000)
  region size 2048K, 17 young (34816K), 2 survivors (4096K)
 Metaspace       used 35222K, capacity 35550K, committed 35712K, reserved 1081344K
  class space    used 3829K, capacity 3912K, committed 3968K, reserved 1048576K
}
Event: 5.906 GC heap after
{Heap after GC invocations=12 (full 0):
 garbage-first heap   total 59392K, used 14307K [0x0000000701a00000, 0x0000000800000000)
  region size 2048K, 2 young (4096K), 2 survivors (4096K)
 Metaspace       used 35222K, capacity 35550K, committed 35712K, reserved 1081344K
  class space    used 3829K, capacity 3912K, committed 3968K, reserved 1048576K
}
Event: 6.176 GC heap before
{Heap before GC invocations=12 (full 0):
 garbage-first heap   total 59392K, used 28643K [0x0000000701a00000, 0x0000000800000000)
  region size 2048K, 11 young (22528K), 2 survivors (4096K)
 Metaspace       used 35438K, capacity 35774K, committed 35840K, reserved 1081344K
  class space    used 3845K, capacity 3944K, committed 3968K, reserved 1048576K
}
Event: 6.181 GC heap after
{Heap after GC invocations=13 (full 0):
 garbage-first heap   total 59392K, used 14314K [0x0000000701a00000, 0x0000000800000000)
  region size 2048K, 2 young (4096K), 2 survivors (4096K)
 Metaspace       used 35438K, capacity 35774K, committed 35840K, reserved 1081344K
  class space    used 3845K, capacity 3944K, committed 3968K, reserved 1048576K
}
Event: 6.331 GC heap before
{Heap before GC invocations=14 (full 0):
 garbage-first heap   total 59392K, used 42986K [0x0000000701a00000, 0x0000000800000000)
  region size 2048K, 17 young (34816K), 2 survivors (4096K)
 Metaspace       used 36078K, capacity 36545K, committed 36736K, reserved 1081344K
  class space    used 3931K, capacity 4073K, committed 4096K, reserved 1048576K
}
Event: 6.336 GC heap after
{Heap after GC invocations=15 (full 0):
 garbage-first heap   total 161792K, used 14598K [0x0000000701a00000, 0x0000000800000000)
  region size 2048K, 2 young (4096K), 2 survivors (4096K)
 Metaspace       used 36078K, capacity 36545K, committed 36736K, reserved 1081344K
  class space    used 3931K, capacity 4073K, committed 4096K, reserved 1048576K
}
Event: 8.053 GC heap before
{Heap before GC invocations=15 (full 0):
 garbage-first heap   total 161792K, used 104710K [0x0000000701a00000, 0x0000000800000000)
  region size 2048K, 47 young (96256K), 2 survivors (4096K)
 Metaspace       used 44117K, capacity 44590K, committed 44928K, reserved 1089536K
  class space    used 4962K, capacity 5123K, committed 5248K, reserved 1048576K
}
Event: 8.061 GC heap after
{Heap after GC invocations=16 (full 0):
 garbage-first heap   total 161792K, used 17290K [0x0000000701a00000, 0x0000000800000000)
  region size 2048K, 3 young (6144K), 3 survivors (6144K)
 Metaspace       used 44117K, capacity 44590K, committed 44928K, reserved 1089536K
  class space    used 4962K, capacity 5123K, committed 5248K, reserved 1048576K
}
Event: 9.922 GC heap before
{Heap before GC invocations=16 (full 0):
 garbage-first heap   total 161792K, used 107402K [0x0000000701a00000, 0x0000000800000000)
  region size 2048K, 47 young (96256K), 3 survivors (6144K)
 Metaspace       used 53541K, capacity 54022K, committed 54272K, reserved 1097728K
  class space    used 6204K, capacity 6372K, committed 6400K, reserved 1048576K
}
Event: 9.935 GC heap after
{Heap after GC invocations=17 (full 0):
 garbage-first heap   total 161792K, used 21636K [0x0000000701a00000, 0x0000000800000000)
  region size 2048K, 6 young (12288K), 6 survivors (12288K)
 Metaspace       used 53541K, capacity 54022K, committed 54272K, reserved 1097728K
  class space    used 6204K, capacity 6372K, committed 6400K, reserved 1048576K
}
Event: 11.044 GC heap before
{Heap before GC invocations=17 (full 0):
 garbage-first heap   total 161792K, used 74884K [0x0000000701a00000, 0x0000000800000000)
  region size 2048K, 33 young (67584K), 6 survivors (12288K)
 Metaspace       used 59596K, capacity 60099K, committed 60160K, reserved 1101824K
  class space    used 7076K, capacity 7286K, committed 7296K, reserved 1048576K
}
Event: 11.056 GC heap after
{Heap after GC invocations=18 (full 0):
 garbage-first heap   total 161792K, used 23022K [0x0000000701a00000, 0x0000000800000000)
  region size 2048K, 3 young (6144K), 3 survivors (6144K)
 Metaspace       used 59596K, capacity 60099K, committed 60160K, reserved 1101824K
  class space    used 7076K, capacity 7286K, committed 7296K, reserved 1048576K
}
Event: 84.306 GC heap before
{Heap before GC invocations=19 (full 0):
 garbage-first heap   total 90112K, used 70126K [0x0000000701a00000, 0x0000000800000000)
  region size 2048K, 26 young (53248K), 3 survivors (6144K)
 Metaspace       used 65063K, capacity 65612K, committed 65740K, reserved 1107968K
  class space    used 7680K, capacity 7864K, committed 7884K, reserved 1048576K
}
Event: 84.315 GC heap after
{Heap after GC invocations=20 (full 0):
 garbage-first heap   total 108544K, used 24727K [0x0000000701a00000, 0x0000000800000000)
  region size 2048K, 2 young (4096K), 2 survivors (4096K)
 Metaspace       used 65063K, capacity 65612K, committed 65740K, reserved 1107968K
  class space    used 7680K, capacity 7864K, committed 7884K, reserved 1048576K
}

Deoptimization events (20 events):
Event: 84.749 Thread 0x0000015a0ae294d0 DEOPT PACKING pc=0x0000015a73adec58 sp=0x000000011cafaf90
Event: 84.749 Thread 0x0000015a0ae294d0 DEOPT UNPACKING pc=0x0000015a6bcee23f sp=0x000000011cafa420 mode 1
Event: 84.749 Thread 0x0000015a0ae294d0 Uncommon trap: trap_request=0xffffff97 fr.pc=0x0000015a73920c98 relative=0x0000000000000158
Event: 84.749 Thread 0x0000015a0ae294d0 Uncommon trap: reason=unhandled action=none pc=0x0000015a73920c98 method=jdk.internal.loader.BuiltinClassLoader.loadClass(Ljava/lang/String;Z)Ljava/lang/Class; @ 19 c2
Event: 84.749 Thread 0x0000015a0ae294d0 DEOPT PACKING pc=0x0000015a73920c98 sp=0x000000011cafa580
Event: 84.749 Thread 0x0000015a0ae294d0 DEOPT UNPACKING pc=0x0000015a6bcee42f sp=0x000000011cafa448 mode 2
Event: 84.749 Thread 0x0000015a0ae294d0 DEOPT PACKING pc=0x0000015a73adec58 sp=0x000000011cafaf90
Event: 84.749 Thread 0x0000015a0ae294d0 DEOPT UNPACKING pc=0x0000015a6bcee23f sp=0x000000011cafa420 mode 1
Event: 84.774 Thread 0x0000015a0ae294d0 Uncommon trap: trap_request=0xffffff97 fr.pc=0x0000015a73920c98 relative=0x0000000000000158
Event: 84.774 Thread 0x0000015a0ae294d0 Uncommon trap: reason=unhandled action=none pc=0x0000015a73920c98 method=jdk.internal.loader.BuiltinClassLoader.loadClass(Ljava/lang/String;Z)Ljava/lang/Class; @ 19 c2
Event: 84.774 Thread 0x0000015a0ae294d0 DEOPT PACKING pc=0x0000015a73920c98 sp=0x000000011cafaef0
Event: 84.774 Thread 0x0000015a0ae294d0 DEOPT UNPACKING pc=0x0000015a6bcee42f sp=0x000000011cafadb8 mode 2
Event: 84.774 Thread 0x0000015a0ae294d0 DEOPT PACKING pc=0x0000015a73adec58 sp=0x000000011cafb900
Event: 84.775 Thread 0x0000015a0ae294d0 DEOPT UNPACKING pc=0x0000015a6bcee23f sp=0x000000011cafad90 mode 1
Event: 84.777 Thread 0x0000015a0ae294d0 Uncommon trap: trap_request=0xffffff97 fr.pc=0x0000015a73920c98 relative=0x0000000000000158
Event: 84.778 Thread 0x0000015a0ae294d0 Uncommon trap: reason=unhandled action=none pc=0x0000015a73920c98 method=jdk.internal.loader.BuiltinClassLoader.loadClass(Ljava/lang/String;Z)Ljava/lang/Class; @ 19 c2
Event: 84.778 Thread 0x0000015a0ae294d0 DEOPT PACKING pc=0x0000015a73920c98 sp=0x000000011cafaef0
Event: 84.778 Thread 0x0000015a0ae294d0 DEOPT UNPACKING pc=0x0000015a6bcee42f sp=0x000000011cafadb8 mode 2
Event: 84.778 Thread 0x0000015a0ae294d0 DEOPT PACKING pc=0x0000015a73adec58 sp=0x000000011cafb900
Event: 84.778 Thread 0x0000015a0ae294d0 DEOPT UNPACKING pc=0x0000015a6bcee23f sp=0x000000011cafad90 mode 1

Classes unloaded (0 events):
No events

Classes redefined (0 events):
No events

Internal exceptions (20 events):
Event: 6.507 Thread 0x0000015a08eb0160 Exception <a 'java/lang/ClassNotFoundException'{0x000000070a71f5b0}: org/springframework/web/context/ServletContextAwareCustomizer> (0x000000070a71f5b0) 
thrown [./open/src/hotspot/share/classfile/systemDictionary.cpp, line 295]
Event: 6.508 Thread 0x0000015a08eb0160 Exception <a 'java/lang/ClassNotFoundException'{0x000000070a724500}: org/springframework/beans/factory/AwareCustomizer> (0x000000070a724500) 
thrown [./open/src/hotspot/share/classfile/systemDictionary.cpp, line 295]
Event: 6.546 Thread 0x0000015a08eb0160 Exception <a 'java/lang/NoSuchMethodError'{0x000000070a442638}: 'void java.lang.invoke.DirectMethodHandle$Holder.invokeVirtual(java.lang.Object, java.lang.Object, java.lang.Object, java.lang.Object)'> (0x000000070a442638) 
thrown [./open/src/hotspot/share/interpreter/linkResolver.cpp, line 782]
Event: 6.769 Thread 0x0000015a08eb0160 Exception <a 'java/lang/NoSuchMethodError'{0x0000000709c26b18}: 'void java.lang.invoke.DirectMethodHandle$Holder.invokeVirtual(java.lang.Object, java.lang.Object, int)'> (0x0000000709c26b18) 
thrown [./open/src/hotspot/share/interpreter/linkResolver.cpp, line 782]
Event: 6.772 Thread 0x0000015a08eb0160 Exception <a 'java/lang/NoSuchMethodError'{0x0000000709c42ba0}: 'void java.lang.invoke.DirectMethodHandle$Holder.invokeVirtual(java.lang.Object, java.lang.Object, long)'> (0x0000000709c42ba0) 
thrown [./open/src/hotspot/share/interpreter/linkResolver.cpp, line 782]
Event: 7.010 Thread 0x0000015a08eb0160 Exception <a 'java/lang/IncompatibleClassChangeError'{0x00000007092c6fd8}: Found class java.lang.Object, but interface was expected> (0x00000007092c6fd8) 
thrown [./open/src/hotspot/share/interpreter/linkResolver.cpp, line 848]
Event: 7.076 Thread 0x0000015a08eb0160 Exception <a 'java/lang/NoSuchMethodError'{0x000000070919db60}: 'int java.lang.invoke.DirectMethodHandle$Holder.invokeStaticInit(java.lang.Object, java.lang.Object, java.lang.Object, java.lang.Object)'> (0x000000070919db60) 
thrown [./open/src/hotspot/share/interpreter/linkResolver.cpp, line 782]
Event: 7.215 Thread 0x0000015a08eb0160 Exception <a 'java/lang/NoSuchMethodError'{0x0000000708c943f0}: 'java.lang.Object java.lang.invoke.DirectMethodHandle$Holder.invokeSpecial(java.lang.Object, java.lang.Object, int, java.lang.Object, int, java.lang.Object)'> (0x0000000708c943f0) 
thrown [./open/src/hotspot/share/interpreter/linkResolver.cpp, line 782]
Event: 7.216 Thread 0x0000015a08eb0160 Exception <a 'java/lang/NoSuchMethodError'{0x0000000708c9ce80}: 'java.lang.Object java.lang.invoke.DirectMethodHandle$Holder.newInvokeSpecial(java.lang.Object, java.lang.Object, int, java.lang.Object, int)'> (0x0000000708c9ce80) 
thrown [./open/src/hotspot/share/interpreter/linkResolver.cpp, line 782]
Event: 7.216 Thread 0x0000015a08eb0160 Exception <a 'java/lang/NoSuchMethodError'{0x0000000708ca1090}: 'java.lang.Object java.lang.invoke.DirectMethodHandle$Holder.invokeSpecial(java.lang.Object, java.lang.Object, java.lang.Object, int, java.lang.Object, int)'> (0x0000000708ca1090) 
thrown [./open/src/hotspot/share/interpreter/linkResolver.cpp, line 782]
Event: 7.218 Thread 0x0000015a08eb0160 Exception <a 'java/lang/NoSuchMethodError'{0x0000000708cb04b8}: 'void java.lang.invoke.DirectMethodHandle$Holder.invokeVirtual(java.lang.Object, java.lang.Object)'> (0x0000000708cb04b8) 
thrown [./open/src/hotspot/share/interpreter/linkResolver.cpp, line 782]
Event: 8.076 Thread 0x0000015a08eb0160 Exception <a 'java/lang/NullPointerException'{0x00000007119a61d8}> (0x00000007119a61d8) 
thrown [./open/src/hotspot/share/interpreter/linkResolver.cpp, line 1457]
Event: 8.340 Thread 0x0000015a08eb0160 Exception <a 'java/lang/ClassNotFoundException'{0x000000070a479680}: com/sun/org/apache/xerces/internal/impl/xpath/regex/spi/messageProvider> (0x000000070a479680) 
thrown [./open/src/hotspot/share/classfile/systemDictionary.cpp, line 295]
Event: 10.651 Thread 0x0000015a08eb0160 Exception <a 'java/lang/NoSuchMethodError'{0x0000000708c2ef48}: 'void java.lang.invoke.DirectMethodHandle$Holder.invokeInterface(java.lang.Object, java.lang.Object)'> (0x0000000708c2ef48) 
thrown [./open/src/hotspot/share/interpreter/linkResolver.cpp, line 782]
Event: 10.687 Thread 0x0000015a08eb0160 Exception <a 'java/lang/NoSuchMethodError'{0x0000000708def700}: 'java.lang.Object java.lang.invoke.DirectMethodHandle$Holder.invokeStaticInit(java.lang.Object, java.lang.Object, java.lang.Object, java.lang.Object, int, int)'> (0x0000000708def700) 
thrown [./open/src/hotspot/share/interpreter/linkResolver.cpp, line 782]
Event: 10.977 Thread 0x0000015a08eb0160 Implicit null exception at 0x0000015a7385f96b to 0x0000015a7386428c
Event: 11.000 Thread 0x0000015a08eb0160 Exception <a 'java/lang/IncompatibleClassChangeError'{0x0000000708274148}: Found class java.lang.Object, but interface was expected> (0x0000000708274148) 
thrown [./open/src/hotspot/share/interpreter/linkResolver.cpp, line 848]
Event: 11.246 Thread 0x0000015a08eb0160 Exception <a 'java/lang/NoClassDefFoundError'{0x00000007068ad900}: oracle/security/pki/OraclePKIProvider> (0x00000007068ad900) 
thrown [./open/src/hotspot/share/classfile/systemDictionary.cpp, line 284]
Event: 11.406 Thread 0x0000015a08eb0160 Implicit null exception at 0x0000015a739e0af2 to 0x0000015a739e1250
Event: 11.819 Thread 0x0000015a08eb0160 Exception <a 'sun/nio/fs/WindowsException'{0x00000007052553e0}> (0x00000007052553e0) 
thrown [./open/src/hotspot/share/prims/jni.cpp, line 578]

Events (20 events):
Event: 84.246 loading class java/time/format/DateTimeParseException done
Event: 84.248 loading class java/time/ZoneRegion
Event: 84.248 loading class java/time/ZoneRegion done
Event: 84.248 loading class java/time/zone/ZoneRules
Event: 84.249 loading class java/time/zone/ZoneRules done
Event: 84.249 loading class java/time/zone/ZoneOffsetTransitionRule
Event: 84.250 loading class java/time/zone/ZoneOffsetTransitionRule done
Event: 84.250 loading class java/time/format/DateTimeFormatterBuilder$ZoneTextPrinterParser
Event: 84.250 loading class java/time/format/DateTimeFormatterBuilder$ZoneTextPrinterParser done
Event: 84.251 loading class java/time/format/DateTimeFormatterBuilder$ReducedPrinterParser
Event: 84.252 loading class java/time/format/DateTimeFormatterBuilder$ReducedPrinterParser done
Event: 84.306 Executing VM operation: G1CollectForAllocation
Event: 84.315 Executing VM operation: G1CollectForAllocation done
Event: 84.554 loading class java/io/ObjectOutput
Event: 84.554 loading class java/io/ObjectOutput done
Event: 84.822 loading class java/util/concurrent/Executors$DelegatedScheduledExecutorService
Event: 84.823 loading class java/util/concurrent/Executors$DelegatedExecutorService
Event: 84.823 loading class java/util/concurrent/Executors$DelegatedExecutorService done
Event: 84.823 loading class java/util/concurrent/Executors$DelegatedScheduledExecutorService done
Event: 84.825 Thread 0x0000015a0ad60560 Thread added: 0x0000015a0ad60560


Dynamic libraries:
0x00007ff738dd0000 - 0x00007ff738ddd000 	C:\Users\P1324311\.p2\pool\plugins\org.eclipse.justj.openjdk.hotspot.jre.full.win32.x86_64_15.0.1.v20201027-0507\jre\bin\javaw.exe
0x00007ff87c970000 - 0x00007ff87cb5d000 	C:\Windows\SYSTEM32\ntdll.dll
0x00007ff879c50000 - 0x00007ff879d03000 	C:\Windows\System32\KERNEL32.DLL
0x00007ff879210000 - 0x00007ff8794a5000 	C:\Windows\System32\KERNELBASE.dll
0x00007ff8798f0000 - 0x00007ff8799ea000 	C:\Windows\System32\ucrtbase.dll
0x00007ff86dba0000 - 0x00007ff86dbb9000 	C:\Users\P1324311\.p2\pool\plugins\org.eclipse.justj.openjdk.hotspot.jre.full.win32.x86_64_15.0.1.v20201027-0507\jre\bin\VCRUNTIME140.dll
0x00007ff85d4f0000 - 0x00007ff85d508000 	C:\Users\P1324311\.p2\pool\plugins\org.eclipse.justj.openjdk.hotspot.jre.full.win32.x86_64_15.0.1.v20201027-0507\jre\bin\jli.dll
0x00007ff879dc0000 - 0x00007ff879f57000 	C:\Windows\System32\USER32.dll
0x00007ff8794b0000 - 0x00007ff8794d0000 	C:\Windows\System32\win32u.dll
0x00007ff876d80000 - 0x00007ff876ff9000 	C:\Windows\WinSxS\amd64_microsoft.windows.common-controls_6595b64144ccf1df_6.0.17763.1577_none_de7444545348a3d0\COMCTL32.dll
0x00007ff879fc0000 - 0x00007ff879fe9000 	C:\Windows\System32\GDI32.dll
0x00007ff87a010000 - 0x00007ff87a0ae000 	C:\Windows\System32\msvcrt.dll
0x00007ff8799f0000 - 0x00007ff879b8c000 	C:\Windows\System32\gdi32full.dll
0x00007ff87a890000 - 0x00007ff87abbd000 	C:\Windows\System32\combase.dll
0x00007ff8794f0000 - 0x00007ff879590000 	C:\Windows\System32\msvcp_win.dll
0x00007ff87abc0000 - 0x00007ff87ace2000 	C:\Windows\System32\RPCRT4.dll
0x00007ff879590000 - 0x00007ff87960e000 	C:\Windows\System32\bcryptPrimitives.dll
0x00007ff87afd0000 - 0x00007ff87affe000 	C:\Windows\System32\IMM32.DLL
0x00007ff878720000 - 0x00007ff878844000 	C:\Program Files\Avecto\Privilege Guard Client\PGHook.dll
0x00007ff87b090000 - 0x00007ff87c589000 	C:\Windows\System32\shell32.dll
0x00007ff8798a0000 - 0x00007ff8798ea000 	C:\Windows\System32\cfgmgr32.dll
0x00007ff87c7c0000 - 0x00007ff87c868000 	C:\Windows\System32\shcore.dll
0x00007ff878ab0000 - 0x00007ff879203000 	C:\Windows\System32\windows.storage.dll
0x00007ff87c720000 - 0x00007ff87c7be000 	C:\Windows\System32\sechost.dll
0x00007ff879d10000 - 0x00007ff879db3000 	C:\Windows\System32\advapi32.dll
0x00007ff8789d0000 - 0x00007ff8789f4000 	C:\Windows\System32\profapi.dll
0x00007ff878950000 - 0x00007ff8789ad000 	C:\Windows\System32\powrprof.dll
0x00007ff879bf0000 - 0x00007ff879c42000 	C:\Windows\System32\shlwapi.dll
0x00007ff8789b0000 - 0x00007ff8789c1000 	C:\Windows\System32\kernel.appcore.dll
0x00007ff8794d0000 - 0x00007ff8794e7000 	C:\Windows\System32\cryptsp.dll
0x00007ff878640000 - 0x00007ff878673000 	C:\Windows\system32\rsaenh.dll
0x00007ff878a20000 - 0x00007ff878a46000 	C:\Windows\System32\bcrypt.dll
0x00007ff878630000 - 0x00007ff87863c000 	C:\Windows\SYSTEM32\CRYPTBASE.dll
0x00007ff8633d0000 - 0x00007ff863482000 	C:\Program Files\McAfee\Endpoint Security\Threat Prevention\Ips\EpMPApi.dll
0x00007ff878a50000 - 0x00007ff878aa9000 	C:\Windows\System32\WINTRUST.dll
0x00007ff878a00000 - 0x00007ff878a12000 	C:\Windows\System32\MSASN1.dll
0x00007ff8796c0000 - 0x00007ff87989c000 	C:\Windows\System32\CRYPT32.dll
0x000000006a1e0000 - 0x000000006a1ec000 	C:\Program Files\McAfee\Endpoint Security\Threat Prevention\Ips\EpMPThe.dll
0x00007ff85f3d0000 - 0x00007ff85f3dc000 	C:\Users\P1324311\.p2\pool\plugins\org.eclipse.justj.openjdk.hotspot.jre.full.win32.x86_64_15.0.1.v20201027-0507\jre\bin\vcruntime140_1.dll
0x00007ff82a120000 - 0x00007ff82a1b1000 	C:\Users\P1324311\.p2\pool\plugins\org.eclipse.justj.openjdk.hotspot.jre.full.win32.x86_64_15.0.1.v20201027-0507\jre\bin\msvcp140.dll
0x00007ff80c9a0000 - 0x00007ff80d4fe000 	C:\Users\P1324311\.p2\pool\plugins\org.eclipse.justj.openjdk.hotspot.jre.full.win32.x86_64_15.0.1.v20201027-0507\jre\bin\server\jvm.dll
0x00007ff87c590000 - 0x00007ff87c598000 	C:\Windows\System32\PSAPI.DLL
0x00007ff854d80000 - 0x00007ff854d89000 	C:\Windows\SYSTEM32\WSOCK32.dll
0x00007ff87c650000 - 0x00007ff87c6bd000 	C:\Windows\System32\WS2_32.dll
0x00007ff871c90000 - 0x00007ff871cb4000 	C:\Windows\SYSTEM32\WINMM.dll
0x00007ff876610000 - 0x00007ff87661a000 	C:\Windows\SYSTEM32\VERSION.dll
0x00007ff871c60000 - 0x00007ff871c8d000 	C:\Windows\SYSTEM32\WINMMBASE.dll
0x00007ff85d510000 - 0x00007ff85d51a000 	C:\Users\P1324311\.p2\pool\plugins\org.eclipse.justj.openjdk.hotspot.jre.full.win32.x86_64_15.0.1.v20201027-0507\jre\bin\jimage.dll
0x00007ff878250000 - 0x00007ff87843d000 	C:\Windows\SYSTEM32\DBGHELP.DLL
0x00007ff878220000 - 0x00007ff87824a000 	C:\Windows\SYSTEM32\dbgcore.DLL
0x00007ff851560000 - 0x00007ff851599000 	C:\Users\P1324311\.p2\pool\plugins\org.eclipse.justj.openjdk.hotspot.jre.full.win32.x86_64_15.0.1.v20201027-0507\jre\bin\jdwp.dll
0x00007ff86b9a0000 - 0x00007ff86b9ae000 	C:\Users\P1324311\.p2\pool\plugins\org.eclipse.justj.openjdk.hotspot.jre.full.win32.x86_64_15.0.1.v20201027-0507\jre\bin\instrument.dll
0x00007ff8402f0000 - 0x00007ff840315000 	C:\Users\P1324311\.p2\pool\plugins\org.eclipse.justj.openjdk.hotspot.jre.full.win32.x86_64_15.0.1.v20201027-0507\jre\bin\java.dll
0x00007ff858b10000 - 0x00007ff858b28000 	C:\Users\P1324311\.p2\pool\plugins\org.eclipse.justj.openjdk.hotspot.jre.full.win32.x86_64_15.0.1.v20201027-0507\jre\bin\zip.dll
0x00007ff860c60000 - 0x00007ff860c6b000 	C:\Users\P1324311\.p2\pool\plugins\org.eclipse.justj.openjdk.hotspot.jre.full.win32.x86_64_15.0.1.v20201027-0507\jre\bin\dt_socket.dll
0x00007ff8778f0000 - 0x00007ff87792d000 	C:\Windows\SYSTEM32\IPHLPAPI.DLL
0x00007ff877bc0000 - 0x00007ff877c27000 	C:\Windows\system32\mswsock.dll
0x00007ff877930000 - 0x00007ff8779f6000 	C:\Windows\SYSTEM32\DNSAPI.dll
0x00007ff87b000000 - 0x00007ff87b008000 	C:\Windows\System32\NSI.dll
0x00007ff85f300000 - 0x00007ff85f30a000 	C:\Windows\System32\rasadhlp.dll
0x00007ff86e630000 - 0x00007ff86e6a9000 	C:\Windows\System32\fwpuclnt.dll
0x00007ff8588c0000 - 0x00007ff8588d9000 	C:\Users\P1324311\.p2\pool\plugins\org.eclipse.justj.openjdk.hotspot.jre.full.win32.x86_64_15.0.1.v20201027-0507\jre\bin\net.dll
0x00007ff862990000 - 0x00007ff862a84000 	C:\Windows\SYSTEM32\WINHTTP.dll
0x00007ff858820000 - 0x00007ff858832000 	C:\Users\P1324311\.p2\pool\plugins\org.eclipse.justj.openjdk.hotspot.jre.full.win32.x86_64_15.0.1.v20201027-0507\jre\bin\nio.dll
0x00007ff862490000 - 0x00007ff8624a0000 	C:\Users\P1324311\.p2\pool\plugins\org.eclipse.justj.openjdk.hotspot.jre.full.win32.x86_64_15.0.1.v20201027-0507\jre\bin\verify.dll
0x00007ff8608f0000 - 0x00007ff8608f9000 	C:\Users\P1324311\.p2\pool\plugins\org.eclipse.justj.openjdk.hotspot.jre.full.win32.x86_64_15.0.1.v20201027-0507\jre\bin\management.dll
0x00007ff85fe10000 - 0x00007ff85fe1b000 	C:\Users\P1324311\.p2\pool\plugins\org.eclipse.justj.openjdk.hotspot.jre.full.win32.x86_64_15.0.1.v20201027-0507\jre\bin\management_ext.dll
0x00007ff84e590000 - 0x00007ff84e5a6000 	C:\Windows\system32\napinsp.dll
0x00007ff84e570000 - 0x00007ff84e58a000 	C:\Windows\system32\pnrpnsp.dll
0x00007ff84e560000 - 0x00007ff84e56e000 	C:\Windows\System32\winrnr.dll
0x00007ff870350000 - 0x00007ff87036b000 	C:\Windows\system32\NLAapi.dll
0x00007ff869490000 - 0x00007ff8694a5000 	C:\Windows\system32\wshbth.dll
0x00007ff878880000 - 0x00007ff8788a9000 	C:\Windows\SYSTEM32\USERENV.dll
0x00007ff86e7a0000 - 0x00007ff86e7b6000 	C:\Windows\SYSTEM32\dhcpcsvc6.DLL
0x00007ff86e6b0000 - 0x00007ff86e6cc000 	C:\Windows\SYSTEM32\dhcpcsvc.DLL
0x00007ff862480000 - 0x00007ff86248d000 	C:\Users\P1324311\.p2\pool\plugins\org.eclipse.justj.openjdk.hotspot.jre.full.win32.x86_64_15.0.1.v20201027-0507\jre\bin\sunmscapi.dll
0x00007ff877ef0000 - 0x00007ff877f16000 	C:\Windows\SYSTEM32\ncrypt.dll
0x00007ff877e90000 - 0x00007ff877ecc000 	C:\Windows\SYSTEM32\NTASN1.dll

dbghelp: loaded successfully - version: 4.0.5 - missing functions: none
symbol engine: initialized successfully - sym options: 0x614 - pdb path: .;C:\Users\P1324311\.p2\pool\plugins\org.eclipse.justj.openjdk.hotspot.jre.full.win32.x86_64_15.0.1.v20201027-0507\jre\bin;C:\Windows\SYSTEM32;C:\Windows\WinSxS\amd64_microsoft.windows.common-controls_6595b64144ccf1df_6.0.17763.1577_none_de7444545348a3d0;C:\Program Files\Avecto\Privilege Guard Client;C:\Program Files\McAfee\Endpoint Security\Threat Prevention\Ips;C:\Users\P1324311\.p2\pool\plugins\org.eclipse.justj.openjdk.hotspot.jre.full.win32.x86_64_15.0.1.v20201027-0507\jre\bin\server

VM Arguments:
jvm_args: -XX:+ShowCodeDetailsInExceptionMessages -agentlib:jdwp=transport=dt_socket,suspend=y,address=localhost:65114 -javaagent:D:\eclipse\eclipse\configuration\org.eclipse.osgi\215\0\.cp\lib\javaagent-shaded.jar -Dfile.encoding=UTF-8 
java_command: com.pms.pmsapp.PmsappApplication
java_class_path (initial): D:\Vincent Lai's Project\pms\pmsapp\target\classes;C:\Users\P1324311\.m2\repository\com\oracle\ojdbc7\12.1.0.2\ojdbc7-12.1.0.2.jar;C:\Users\P1324311\.m2\repository\org\springframework\boot\spring-boot-starter-data-jpa\2.4.1-SNAPSHOT\spring-boot-starter-data-jpa-2.4.1-SNAPSHOT.jar;C:\Users\P1324311\.m2\repository\org\springframework\boot\spring-boot-starter-aop\2.4.1-SNAPSHOT\spring-boot-starter-aop-2.4.1-SNAPSHOT.jar;C:\Users\P1324311\.m2\repository\org\springframework\spring-aop\5.3.2\spring-aop-5.3.2.jar;C:\Users\P1324311\.m2\repository\org\aspectj\aspectjweaver\1.9.6\aspectjweaver-1.9.6.jar;C:\Users\P1324311\.m2\repository\org\springframework\boot\spring-boot-starter-jdbc\2.4.1-SNAPSHOT\spring-boot-starter-jdbc-2.4.1-SNAPSHOT.jar;C:\Users\P1324311\.m2\repository\com\zaxxer\HikariCP\3.4.5\HikariCP-3.4.5.jar;C:\Users\P1324311\.m2\repository\org\springframework\spring-jdbc\5.3.2\spring-jdbc-5.3.2.jar;C:\Users\P1324311\.m2\repository\jakarta\transaction\jakarta.transaction-api\1.3.3\jakarta.transaction-api-1.3.3.jar;C:\Users\P1324311\.m2\repository\jakarta\persistence\jakarta.persistence-api\2.2.3\jakarta.persistence-api-2.2.3.jar;C:\Users\P1324311\.m2\repository\org\hibernate\hibernate-core\5.4.25.Final\hibernate-core-5.4.25.Final.jar;C:\Users\P1324311\.m2\repository\org\javassist\javassist\3.27.0-GA\javassist-3.27.0-GA.jar;C:\Users\P1324311\.m2\repository\antlr\antlr\2.7.7\antlr-2.7.7.jar;C:\Users\P1324311\.m2\repository\org\springframework\data\spring-data-jpa\2.4.2\spring-data-jpa-2.4.2.jar;C:\Users\P1324311\.m2\repository\org\springframework\data\spring-data-commons\2.4.2\spring-data-commons-2.4.2.jar;C:\Users\P1324311\.m2\repository\org\springframework\spring-orm\5.3.2\spring-orm-5.3.2.jar;C:\Users\P1324311\.m2\repository\org\springframework\spring-context\5.3.2\spring-context-5.3.2.jar;C:\Users\P1324311\.m2\repository\org\springframework\spring-tx\5.3.2\spring-tx-5.3.2.jar;C:\Users\P1324311\.m2\repository\org\springframework\spring
Launcher Type: SUN_STANDARD

[Global flags]
     intx CICompilerCount                          = 4                                         {product} {ergonomic}
     uint ConcGCThreads                            = 2                                         {product} {ergonomic}
     uint G1ConcRefinementThreads                  = 8                                         {product} {ergonomic}
   size_t G1HeapRegionSize                         = 2097152                                   {product} {ergonomic}
    uintx GCDrainStackTargetSize                   = 64                                        {product} {ergonomic}
   size_t InitialHeapSize                          = 268435456                                 {product} {ergonomic}
   size_t MarkStackSize                            = 4194304                                   {product} {ergonomic}
   size_t MaxHeapSize                              = 4267704320                                {product} {ergonomic}
   size_t MaxNewSize                               = 2560622592                                {product} {ergonomic}
   size_t MinHeapDeltaBytes                        = 2097152                                   {product} {ergonomic}
   size_t MinHeapSize                              = 8388608                                   {product} {ergonomic}
    uintx NonNMethodCodeHeapSize                   = 5839372                                {pd product} {ergonomic}
    uintx NonProfiledCodeHeapSize                  = 122909434                              {pd product} {ergonomic}
    uintx ProfiledCodeHeapSize                     = 122909434                              {pd product} {ergonomic}
    uintx ReservedCodeCacheSize                    = 251658240                              {pd product} {ergonomic}
     bool SegmentedCodeCache                       = true                                      {product} {ergonomic}
     bool ShowCodeDetailsInExceptionMessages       = true                                   {manageable} {command line}
   size_t SoftMaxHeapSize                          = 4267704320                             {manageable} {ergonomic}
     bool UseCompressedClassPointers               = true                                 {lp64_product} {ergonomic}
     bool UseCompressedOops                        = true                                 {lp64_product} {ergonomic}
     bool UseG1GC                                  = true                                      {product} {ergonomic}
     bool UseLargePagesIndividualAllocation        = false                                  {pd product} {ergonomic}

Logging:
Log output configuration:
 #0: stdout all=warning uptime,level,tags
 #1: stderr all=off uptime,level,tags

Environment Variables:
JAVA_HOME=C:\Program Files\Java\jdk1.8.0_192
PATH=C:\Users\P1324311\.p2\pool\plugins\org.eclipse.justj.openjdk.hotspot.jre.full.win32.x86_64_15.0.1.v20201027-0507\jre\bin;C:/Users/P1324311/.p2/pool/plugins/org.eclipse.justj.openjdk.hotspot.jre.full.win32.x86_64_15.0.1.v20201027-0507/jre/bin/server;C:/Users/P1324311/.p2/pool/plugins/org.eclipse.justj.openjdk.hotspot.jre.full.win32.x86_64_15.0.1.v20201027-0507/jre/bin;C:/Users/P1324311/AppData/Local/Temp/eoi44C6.tmp//plugins/org.eclipse.justj.openjdk.hotspot.jre.minimal.stripped.win32.x86_64_14.0.2.v20200815-0932/jre/bin/server;C:/Users/P1324311/AppData/Local/Temp/eoi44C6.tmp//plugins/org.eclipse.justj.openjdk.hotspot.jre.minimal.stripped.win32.x86_64_14.0.2.v20200815-0932/jre/bin;C:\Program Files (x86)\Google\Chrome\Application;C:\app\L1324311\product\18.0.0\dbhomeXE\bin;C:\Program Files (x86)\Common Files\Oracle\Java\javapath;C:\Windows\system32;C:\Windows;C:\Windows\System32\Wbem;C:\Windows\System32\WindowsPowerShell\v1.0\;C:\Windows\System32\OpenSSH\;C:\Program Files\Intel\WiFi\bin\;C:\Program Files\Common Files\Intel\WirelessCommon\;C:\Program Files (x86)\Intel\Intel(R) Management Engine Components\DAL;C:\Program Files\Intel\Intel(R) Management Engine Components\DAL;C:\Program Files\TortoiseSVN\bin;C:\Program Files\nodejs\;C:\apache-maven-3.5.2\bin;C:\apache-ant-1.10.5\bin;C:\Program Files\Git\cmd;C:\Program Files\Notepad++;C:\Program Files\TortoiseGit\bin;C:\Program Files\Perforce;;C:\Program Files\Docker\Docker\resources\bin;C:\ProgramData\DockerDesktop\version-bin;C:\Users\P1324311\AppData\Local\Microsoft\WindowsApps;C:\Users\P1324311\AppData\Roaming\npm;;C:\Users\P1324311\AppData\Local\Programs\Microsoft VS Code\bin;D:\heroku\bin;D:\Angular Training\deploy-demo\heroku\bin;C:\Users\P1324311\Downloads;;C:\Users\P1324311\Downloads;
USERNAME=P1324311
OS=Windows_NT
PROCESSOR_IDENTIFIER=Intel64 Family 6 Model 142 Stepping 10, GenuineIntel



---------------  S Y S T E M  ---------------

OS:
 Windows 10 , 64 bit Build 17763 (10.0.17763.475)
OS uptime: 2 days 15:16 hours
HyperV virtualization detected

CPU: total 8 (initial active 8) (4 cores per cpu, 2 threads per core) family 6 model 142 stepping 10 microcode 0xb4, cmov, cx8, fxsr, mmx, sse, sse2, sse3, ssse3, sse4.1, sse4.2, popcnt, vzeroupper, avx, avx2, aes, clmul, erms, 3dnowpref, lzcnt, ht, tsc, tscinvbit, bmi1, bmi2, adx, fma, clflush, clflushopt

Memory: 4k page, system-wide physical 16275M (2905M free)
TotalPageFile size 31422M (AvailPageFile size 5M)
current process WorkingSet (physical memory assigned to process): 321M, peak: 424M
current process commit charge ("private bytes"): 359M, peak: 464M

vm_info: OpenJDK 64-Bit Server VM (15.0.1+9-18) for windows-amd64 JRE (15.0.1+9-18), built on Sep 15 2020 14:39:31 by "mach5one" with unknown MS VC++:1925

END.
